[2025-09-06T07:27:35.161+0000] {local_task_job_runner.py:120} INFO - ::group::Pre task execution logs
[2025-09-06T07:27:35.181+0000] {taskinstance.py:2076} INFO - Dependencies all met for dep_context=non-requeueable deps ti=<TaskInstance: load_customers_to_postgres.truncate_table manual__2025-09-06T07:27:31+00:00 [queued]>
[2025-09-06T07:27:35.186+0000] {taskinstance.py:2076} INFO - Dependencies all met for dep_context=requeueable deps ti=<TaskInstance: load_customers_to_postgres.truncate_table manual__2025-09-06T07:27:31+00:00 [queued]>
[2025-09-06T07:27:35.186+0000] {taskinstance.py:2306} INFO - Starting attempt 1 of 2
[2025-09-06T07:27:35.192+0000] {taskinstance.py:2330} INFO - Executing <Task(_PythonDecoratedOperator): truncate_table> on 2025-09-06 07:27:31+00:00
[2025-09-06T07:27:35.197+0000] {standard_task_runner.py:90} INFO - Running: ['***', 'tasks', 'run', 'load_customers_to_postgres', 'truncate_table', 'manual__2025-09-06T07:27:31+00:00', '--job-id', '33', '--raw', '--subdir', 'DAGS_FOLDER/load_customers_to_postgres.py', '--cfg-path', '/tmp/tmpmcscmcd5']
[2025-09-06T07:27:35.199+0000] {standard_task_runner.py:91} INFO - Job 33: Subtask truncate_table
[2025-09-06T07:27:35.198+0000] {logging_mixin.py:188} WARNING - /home/***/.local/lib/python3.12/site-packages/***/task/task_runner/standard_task_runner.py:62 DeprecationWarning: This process (pid=430) is multi-threaded, use of fork() may lead to deadlocks in the child.
[2025-09-06T07:27:35.200+0000] {standard_task_runner.py:64} INFO - Started process 431 to run task
[2025-09-06T07:27:35.232+0000] {task_command.py:426} INFO - Running <TaskInstance: load_customers_to_postgres.truncate_table manual__2025-09-06T07:27:31+00:00 [running]> on host b38462e6beca
[2025-09-06T07:27:35.340+0000] {taskinstance.py:2648} INFO - Exporting env vars: AIRFLOW_CTX_DAG_OWNER='etl' AIRFLOW_CTX_DAG_ID='load_customers_to_postgres' AIRFLOW_CTX_TASK_ID='truncate_table' AIRFLOW_CTX_EXECUTION_DATE='2025-09-06T07:27:31+00:00' AIRFLOW_CTX_TRY_NUMBER='1' AIRFLOW_CTX_DAG_RUN_ID='manual__2025-09-06T07:27:31+00:00'
[2025-09-06T07:27:35.341+0000] {taskinstance.py:430} INFO - ::endgroup::
[2025-09-06T07:27:35.342+0000] {crypto.py:82} WARNING - empty cryptography key - values will not be stored encrypted.
[2025-09-06T07:27:35.342+0000] {base.py:84} INFO - Using connection ID 'postgres_default' for task execution.
[2025-09-06T07:27:35.344+0000] {sql.py:495} INFO - Running statement: TRUNCATE TABLE bronze.customers_raw;, parameters: None
[2025-09-06T07:27:35.349+0000] {python.py:237} INFO - Done. Returned value was: None
[2025-09-06T07:27:35.350+0000] {taskinstance.py:441} INFO - ::group::Post task execution logs
[2025-09-06T07:27:35.354+0000] {taskinstance.py:1206} INFO - Marking task as SUCCESS. dag_id=load_customers_to_postgres, task_id=truncate_table, run_id=manual__2025-09-06T07:27:31+00:00, execution_date=20250906T072731, start_date=20250906T072735, end_date=20250906T072735
[2025-09-06T07:27:35.384+0000] {local_task_job_runner.py:243} INFO - Task exited with return code 0
[2025-09-06T07:27:35.399+0000] {taskinstance.py:3503} INFO - 1 downstream tasks scheduled from follow-on schedule check
[2025-09-06T07:27:35.400+0000] {local_task_job_runner.py:222} INFO - ::endgroup::
