[2025-09-06T16:37:21.205+0000] {local_task_job_runner.py:120} INFO - ::group::Pre task execution logs
[2025-09-06T16:37:21.226+0000] {taskinstance.py:2076} INFO - Dependencies all met for dep_context=non-requeueable deps ti=<TaskInstance: load_customers_to_postgres.truncate_table manual__2025-09-06T16:37:18.166247+00:00 [queued]>
[2025-09-06T16:37:21.232+0000] {taskinstance.py:2076} INFO - Dependencies all met for dep_context=requeueable deps ti=<TaskInstance: load_customers_to_postgres.truncate_table manual__2025-09-06T16:37:18.166247+00:00 [queued]>
[2025-09-06T16:37:21.232+0000] {taskinstance.py:2306} INFO - Starting attempt 1 of 2
[2025-09-06T16:37:21.239+0000] {taskinstance.py:2330} INFO - Executing <Task(_PythonDecoratedOperator): truncate_table> on 2025-09-06 16:37:18.166247+00:00
[2025-09-06T16:37:21.245+0000] {logging_mixin.py:188} WARNING - /home/***/.local/lib/python3.12/site-packages/***/task/task_runner/standard_task_runner.py:62 DeprecationWarning: This process (pid=4212) is multi-threaded, use of fork() may lead to deadlocks in the child.
[2025-09-06T16:37:21.245+0000] {standard_task_runner.py:64} INFO - Started process 4213 to run task
[2025-09-06T16:37:21.247+0000] {standard_task_runner.py:90} INFO - Running: ['***', 'tasks', 'run', 'load_customers_to_postgres', 'truncate_table', 'manual__2025-09-06T16:37:18.166247+00:00', '--job-id', '80', '--raw', '--subdir', 'DAGS_FOLDER/load_customers_to_postgres.py', '--cfg-path', '/tmp/tmp7ldi0kl9']
[2025-09-06T16:37:21.252+0000] {standard_task_runner.py:91} INFO - Job 80: Subtask truncate_table
[2025-09-06T16:37:21.280+0000] {task_command.py:426} INFO - Running <TaskInstance: load_customers_to_postgres.truncate_table manual__2025-09-06T16:37:18.166247+00:00 [running]> on host dd8e0e853e24
[2025-09-06T16:37:21.333+0000] {taskinstance.py:2648} INFO - Exporting env vars: AIRFLOW_CTX_DAG_OWNER='etl' AIRFLOW_CTX_DAG_ID='load_customers_to_postgres' AIRFLOW_CTX_TASK_ID='truncate_table' AIRFLOW_CTX_EXECUTION_DATE='2025-09-06T16:37:18.166247+00:00' AIRFLOW_CTX_TRY_NUMBER='1' AIRFLOW_CTX_DAG_RUN_ID='manual__2025-09-06T16:37:18.166247+00:00'
[2025-09-06T16:37:21.334+0000] {taskinstance.py:430} INFO - ::endgroup::
[2025-09-06T16:37:21.336+0000] {crypto.py:82} WARNING - empty cryptography key - values will not be stored encrypted.
[2025-09-06T16:37:21.336+0000] {base.py:84} INFO - Using connection ID 'postgres_default' for task execution.
[2025-09-06T16:37:21.339+0000] {sql.py:495} INFO - Running statement: TRUNCATE TABLE bronze.customers_raw;, parameters: None
[2025-09-06T16:37:21.342+0000] {python.py:237} INFO - Done. Returned value was: None
[2025-09-06T16:37:21.343+0000] {taskinstance.py:441} INFO - ::group::Post task execution logs
[2025-09-06T16:37:21.348+0000] {taskinstance.py:1206} INFO - Marking task as SUCCESS. dag_id=load_customers_to_postgres, task_id=truncate_table, run_id=manual__2025-09-06T16:37:18.166247+00:00, execution_date=20250906T163718, start_date=20250906T163721, end_date=20250906T163721
[2025-09-06T16:37:21.385+0000] {local_task_job_runner.py:243} INFO - Task exited with return code 0
[2025-09-06T16:37:21.410+0000] {taskinstance.py:3503} INFO - 1 downstream tasks scheduled from follow-on schedule check
[2025-09-06T16:37:21.412+0000] {local_task_job_runner.py:222} INFO - ::endgroup::
