[2025-09-06T16:23:27.596+0000] {local_task_job_runner.py:120} INFO - ::group::Pre task execution logs
[2025-09-06T16:23:27.618+0000] {taskinstance.py:2076} INFO - Dependencies all met for dep_context=non-requeueable deps ti=<TaskInstance: load_customers_to_postgres.load_csv_to_postgres manual__2025-09-06T16:23:22.376666+00:00 [queued]>
[2025-09-06T16:23:27.623+0000] {taskinstance.py:2076} INFO - Dependencies all met for dep_context=requeueable deps ti=<TaskInstance: load_customers_to_postgres.load_csv_to_postgres manual__2025-09-06T16:23:22.376666+00:00 [queued]>
[2025-09-06T16:23:27.623+0000] {taskinstance.py:2306} INFO - Starting attempt 1 of 2
[2025-09-06T16:23:27.629+0000] {taskinstance.py:2330} INFO - Executing <Task(_PythonDecoratedOperator): load_csv_to_postgres> on 2025-09-06 16:23:22.376666+00:00
[2025-09-06T16:23:27.637+0000] {logging_mixin.py:188} WARNING - /home/***/.local/lib/python3.12/site-packages/***/task/task_runner/standard_task_runner.py:62 DeprecationWarning: This process (pid=3704) is multi-threaded, use of fork() may lead to deadlocks in the child.
[2025-09-06T16:23:27.638+0000] {standard_task_runner.py:64} INFO - Started process 3705 to run task
[2025-09-06T16:23:27.637+0000] {standard_task_runner.py:90} INFO - Running: ['***', 'tasks', 'run', 'load_customers_to_postgres', 'load_csv_to_postgres', 'manual__2025-09-06T16:23:22.376666+00:00', '--job-id', '50', '--raw', '--subdir', 'DAGS_FOLDER/load_customers_to_postgres.py', '--cfg-path', '/tmp/tmp2pfh2iye']
[2025-09-06T16:23:27.639+0000] {standard_task_runner.py:91} INFO - Job 50: Subtask load_csv_to_postgres
[2025-09-06T16:23:27.664+0000] {task_command.py:426} INFO - Running <TaskInstance: load_customers_to_postgres.load_csv_to_postgres manual__2025-09-06T16:23:22.376666+00:00 [running]> on host dd8e0e853e24
[2025-09-06T16:23:27.716+0000] {taskinstance.py:2648} INFO - Exporting env vars: AIRFLOW_CTX_DAG_OWNER='etl' AIRFLOW_CTX_DAG_ID='load_customers_to_postgres' AIRFLOW_CTX_TASK_ID='load_csv_to_postgres' AIRFLOW_CTX_EXECUTION_DATE='2025-09-06T16:23:22.376666+00:00' AIRFLOW_CTX_TRY_NUMBER='1' AIRFLOW_CTX_DAG_RUN_ID='manual__2025-09-06T16:23:22.376666+00:00'
[2025-09-06T16:23:27.717+0000] {taskinstance.py:430} INFO - ::endgroup::
[2025-09-06T16:23:27.718+0000] {postgres.py:189} INFO - Running copy expert: 
            COPY bronze.customers_raw(
                customerid, age, gender, tenure, monthlycharges,
                contracttype, internetservice, totalcharges, techsupport, churn
            )
            FROM STDIN WITH (FORMAT csv, HEADER true, DELIMITER ',', QUOTE '"');
        , filename: /opt/***/data/customer_churn_data.csv
[2025-09-06T16:23:27.719+0000] {crypto.py:82} WARNING - empty cryptography key - values will not be stored encrypted.
[2025-09-06T16:23:27.719+0000] {base.py:84} INFO - Using connection ID 'postgres_default' for task execution.
[2025-09-06T16:23:27.728+0000] {python.py:237} INFO - Done. Returned value was: None
[2025-09-06T16:23:27.728+0000] {taskinstance.py:441} INFO - ::group::Post task execution logs
[2025-09-06T16:23:27.734+0000] {taskinstance.py:1206} INFO - Marking task as SUCCESS. dag_id=load_customers_to_postgres, task_id=load_csv_to_postgres, run_id=manual__2025-09-06T16:23:22.376666+00:00, execution_date=20250906T162322, start_date=20250906T162327, end_date=20250906T162327
[2025-09-06T16:23:27.778+0000] {local_task_job_runner.py:243} INFO - Task exited with return code 0
[2025-09-06T16:23:27.791+0000] {taskinstance.py:3503} INFO - 1 downstream tasks scheduled from follow-on schedule check
[2025-09-06T16:23:27.792+0000] {local_task_job_runner.py:222} INFO - ::endgroup::
