[2025-09-06T09:29:42.979+0000] {local_task_job_runner.py:120} INFO - ::group::Pre task execution logs
[2025-09-06T09:29:43.001+0000] {taskinstance.py:2076} INFO - Dependencies all met for dep_context=non-requeueable deps ti=<TaskInstance: load_customers_to_postgres.wait_for_csv manual__2025-09-06T09:29:41.718472+00:00 [queued]>
[2025-09-06T09:29:43.007+0000] {taskinstance.py:2076} INFO - Dependencies all met for dep_context=requeueable deps ti=<TaskInstance: load_customers_to_postgres.wait_for_csv manual__2025-09-06T09:29:41.718472+00:00 [queued]>
[2025-09-06T09:29:43.007+0000] {taskinstance.py:2306} INFO - Starting attempt 1 of 2
[2025-09-06T09:29:43.015+0000] {taskinstance.py:2330} INFO - Executing <Task(FileSensor): wait_for_csv> on 2025-09-06 09:29:41.718472+00:00
[2025-09-06T09:29:43.021+0000] {logging_mixin.py:188} WARNING - /home/***/.local/lib/python3.12/site-packages/***/task/task_runner/standard_task_runner.py:62 DeprecationWarning: This process (pid=186) is multi-threaded, use of fork() may lead to deadlocks in the child.
[2025-09-06T09:29:43.022+0000] {standard_task_runner.py:64} INFO - Started process 187 to run task
[2025-09-06T09:29:43.020+0000] {standard_task_runner.py:90} INFO - Running: ['***', 'tasks', 'run', 'load_customers_to_postgres', 'wait_for_csv', 'manual__2025-09-06T09:29:41.718472+00:00', '--job-id', '4', '--raw', '--subdir', 'DAGS_FOLDER/load_customers_to_postgres.py', '--cfg-path', '/tmp/tmp4epm_xa_']
[2025-09-06T09:29:43.022+0000] {standard_task_runner.py:91} INFO - Job 4: Subtask wait_for_csv
[2025-09-06T09:29:43.052+0000] {task_command.py:426} INFO - Running <TaskInstance: load_customers_to_postgres.wait_for_csv manual__2025-09-06T09:29:41.718472+00:00 [running]> on host b76737f3cbe6
[2025-09-06T09:29:43.101+0000] {taskinstance.py:2648} INFO - Exporting env vars: AIRFLOW_CTX_DAG_OWNER='etl' AIRFLOW_CTX_DAG_ID='load_customers_to_postgres' AIRFLOW_CTX_TASK_ID='wait_for_csv' AIRFLOW_CTX_EXECUTION_DATE='2025-09-06T09:29:41.718472+00:00' AIRFLOW_CTX_TRY_NUMBER='1' AIRFLOW_CTX_DAG_RUN_ID='manual__2025-09-06T09:29:41.718472+00:00'
[2025-09-06T09:29:43.102+0000] {taskinstance.py:430} INFO - ::endgroup::
[2025-09-06T09:29:43.102+0000] {baseoperator.py:400} WARNING - FileSensor.execute cannot be called outside TaskInstance!
[2025-09-06T09:29:43.103+0000] {crypto.py:82} WARNING - empty cryptography key - values will not be stored encrypted.
[2025-09-06T09:29:43.103+0000] {base.py:84} INFO - Using connection ID 'fs_default' for task execution.
[2025-09-06T09:29:43.103+0000] {filesystem.py:85} INFO - Poking for file /opt/***/data/customer_churn_data.csv
[2025-09-06T09:29:43.104+0000] {filesystem.py:89} INFO - Found File /opt/***/data/customer_churn_data.csv last modified: 20250906085300
[2025-09-06T09:29:43.105+0000] {base.py:294} INFO - Success criteria met. Exiting.
[2025-09-06T09:29:43.105+0000] {filesystem.py:85} INFO - Poking for file /opt/***/data/customer_churn_data.csv
[2025-09-06T09:29:43.105+0000] {filesystem.py:89} INFO - Found File /opt/***/data/customer_churn_data.csv last modified: 20250906085300
[2025-09-06T09:29:43.105+0000] {taskinstance.py:441} INFO - ::group::Post task execution logs
[2025-09-06T09:29:43.111+0000] {taskinstance.py:1206} INFO - Marking task as SUCCESS. dag_id=load_customers_to_postgres, task_id=wait_for_csv, run_id=manual__2025-09-06T09:29:41.718472+00:00, execution_date=20250906T092941, start_date=20250906T092943, end_date=20250906T092943
[2025-09-06T09:29:43.124+0000] {local_task_job_runner.py:243} INFO - Task exited with return code 0
[2025-09-06T09:29:43.143+0000] {taskinstance.py:3503} INFO - 1 downstream tasks scheduled from follow-on schedule check
[2025-09-06T09:29:43.144+0000] {local_task_job_runner.py:222} INFO - ::endgroup::
