[2025-09-06T09:46:03.919+0000] {local_task_job_runner.py:120} INFO - ::group::Pre task execution logs
[2025-09-06T09:46:03.940+0000] {taskinstance.py:2076} INFO - Dependencies all met for dep_context=non-requeueable deps ti=<TaskInstance: dbt_transformations.dbt_run manual__2025-09-06T09:45:57.940461+00:00 [queued]>
[2025-09-06T09:46:03.944+0000] {taskinstance.py:2076} INFO - Dependencies all met for dep_context=requeueable deps ti=<TaskInstance: dbt_transformations.dbt_run manual__2025-09-06T09:45:57.940461+00:00 [queued]>
[2025-09-06T09:46:03.944+0000] {taskinstance.py:2306} INFO - Starting attempt 1 of 1
[2025-09-06T09:46:03.951+0000] {taskinstance.py:2330} INFO - Executing <Task(BashOperator): dbt_run> on 2025-09-06 09:45:57.940461+00:00
[2025-09-06T09:46:03.956+0000] {standard_task_runner.py:90} INFO - Running: ['***', 'tasks', 'run', 'dbt_transformations', 'dbt_run', 'manual__2025-09-06T09:45:57.940461+00:00', '--job-id', '12', '--raw', '--subdir', 'DAGS_FOLDER/dbt_transformations.py', '--cfg-path', '/tmp/tmp0rlvj6ai']
[2025-09-06T09:46:03.957+0000] {standard_task_runner.py:91} INFO - Job 12: Subtask dbt_run
[2025-09-06T09:46:03.957+0000] {logging_mixin.py:188} WARNING - /home/***/.local/lib/python3.12/site-packages/***/task/task_runner/standard_task_runner.py:62 DeprecationWarning: This process (pid=332) is multi-threaded, use of fork() may lead to deadlocks in the child.
[2025-09-06T09:46:03.959+0000] {standard_task_runner.py:64} INFO - Started process 333 to run task
[2025-09-06T09:46:03.984+0000] {task_command.py:426} INFO - Running <TaskInstance: dbt_transformations.dbt_run manual__2025-09-06T09:45:57.940461+00:00 [running]> on host 11092d7efcaf
[2025-09-06T09:46:04.027+0000] {taskinstance.py:2648} INFO - Exporting env vars: AIRFLOW_CTX_DAG_OWNER='***' AIRFLOW_CTX_DAG_ID='dbt_transformations' AIRFLOW_CTX_TASK_ID='dbt_run' AIRFLOW_CTX_EXECUTION_DATE='2025-09-06T09:45:57.940461+00:00' AIRFLOW_CTX_TRY_NUMBER='1' AIRFLOW_CTX_DAG_RUN_ID='manual__2025-09-06T09:45:57.940461+00:00'
[2025-09-06T09:46:04.028+0000] {taskinstance.py:430} INFO - ::endgroup::
[2025-09-06T09:46:04.036+0000] {subprocess.py:63} INFO - Tmp dir root location: /tmp
[2025-09-06T09:46:04.037+0000] {subprocess.py:75} INFO - Running command: ['/usr/bin/bash', '-c', 'export PATH="$PATH:/home/***/.local/bin" && cd /opt/***/dbt && DBT_PROFILES_DIR="/opt/***/dbt" dbt run --project-dir . --profiles-dir "/opt/***/dbt"']
[2025-09-06T09:46:04.041+0000] {subprocess.py:86} INFO - Output:
[2025-09-06T09:46:05.545+0000] {subprocess.py:93} INFO - [0m09:46:05  Running with dbt=1.10.11
[2025-09-06T09:46:05.712+0000] {subprocess.py:93} INFO - [0m09:46:05  Registered adapter: postgres=1.8.2
[2025-09-06T09:46:05.819+0000] {subprocess.py:93} INFO - [0m09:46:05  Unable to do partial parsing because of a version mismatch
[2025-09-06T09:46:06.476+0000] {subprocess.py:93} INFO - [0m09:46:06  Found 3 models, 434 macros
[2025-09-06T09:46:06.478+0000] {subprocess.py:93} INFO - [0m09:46:06
[2025-09-06T09:46:06.479+0000] {subprocess.py:93} INFO - [0m09:46:06  Concurrency: 4 threads (target='dev')
[2025-09-06T09:46:06.479+0000] {subprocess.py:93} INFO - [0m09:46:06
[2025-09-06T09:46:06.601+0000] {subprocess.py:93} INFO - [0m09:46:06  1 of 3 START sql table model silver.customers_clean ............................ [RUN]
[2025-09-06T09:46:06.602+0000] {subprocess.py:93} INFO - [0m09:46:06  2 of 3 START sql table model bronze.customers_raw .............................. [RUN]
[2025-09-06T09:46:06.731+0000] {subprocess.py:93} INFO - [0m09:46:06  1 of 3 OK created sql table model silver.customers_clean ....................... [[32mSELECT 1000[0m in 0.13s]
[2025-09-06T09:46:06.746+0000] {subprocess.py:93} INFO - [0m09:46:06  3 of 3 START sql table model gold.dim_customers ................................ [RUN]
[2025-09-06T09:46:06.768+0000] {subprocess.py:93} INFO - [0m09:46:06  2 of 3 OK created sql table model bronze.customers_raw ......................... [[32mSELECT 1000[0m in 0.16s]
[2025-09-06T09:46:06.831+0000] {subprocess.py:93} INFO - [0m09:46:06  3 of 3 OK created sql table model gold.dim_customers ........................... [[32mSELECT 1000[0m in 0.08s]
[2025-09-06T09:46:06.840+0000] {subprocess.py:93} INFO - [0m09:46:06
[2025-09-06T09:46:06.841+0000] {subprocess.py:93} INFO - [0m09:46:06  Finished running 3 table models in 0 hours 0 minutes and 0.36 seconds (0.36s).
[2025-09-06T09:46:06.867+0000] {subprocess.py:93} INFO - [0m09:46:06
[2025-09-06T09:46:06.868+0000] {subprocess.py:93} INFO - [0m09:46:06  [32mCompleted successfully[0m
[2025-09-06T09:46:06.868+0000] {subprocess.py:93} INFO - [0m09:46:06
[2025-09-06T09:46:06.869+0000] {subprocess.py:93} INFO - [0m09:46:06  Done. PASS=3 WARN=0 ERROR=0 SKIP=0 NO-OP=0 TOTAL=3
[2025-09-06T09:46:08.530+0000] {subprocess.py:97} INFO - Command exited with return code 0
[2025-09-06T09:46:08.531+0000] {taskinstance.py:441} INFO - ::group::Post task execution logs
[2025-09-06T09:46:08.548+0000] {taskinstance.py:1206} INFO - Marking task as SUCCESS. dag_id=dbt_transformations, task_id=dbt_run, run_id=manual__2025-09-06T09:45:57.940461+00:00, execution_date=20250906T094557, start_date=20250906T094603, end_date=20250906T094608
[2025-09-06T09:46:08.566+0000] {local_task_job_runner.py:243} INFO - Task exited with return code 0
[2025-09-06T09:46:08.580+0000] {taskinstance.py:3503} INFO - 1 downstream tasks scheduled from follow-on schedule check
[2025-09-06T09:46:08.581+0000] {local_task_job_runner.py:222} INFO - ::endgroup::
