[2025-09-06T14:42:09.274+0000] {local_task_job_runner.py:120} INFO - ::group::Pre task execution logs
[2025-09-06T14:42:09.301+0000] {taskinstance.py:2076} INFO - Dependencies all met for dep_context=non-requeueable deps ti=<TaskInstance: dbt_transformations.dbt_deps manual__2025-09-06T14:42:08.681128+00:00 [queued]>
[2025-09-06T14:42:09.306+0000] {taskinstance.py:2076} INFO - Dependencies all met for dep_context=requeueable deps ti=<TaskInstance: dbt_transformations.dbt_deps manual__2025-09-06T14:42:08.681128+00:00 [queued]>
[2025-09-06T14:42:09.306+0000] {taskinstance.py:2306} INFO - Starting attempt 1 of 1
[2025-09-06T14:42:09.314+0000] {taskinstance.py:2330} INFO - Executing <Task(BashOperator): dbt_deps> on 2025-09-06 14:42:08.681128+00:00
[2025-09-06T14:42:09.323+0000] {logging_mixin.py:188} WARNING - /home/***/.local/lib/python3.12/site-packages/***/task/task_runner/standard_task_runner.py:62 DeprecationWarning: This process (pid=2273) is multi-threaded, use of fork() may lead to deadlocks in the child.
[2025-09-06T14:42:09.324+0000] {standard_task_runner.py:64} INFO - Started process 2274 to run task
[2025-09-06T14:42:09.325+0000] {standard_task_runner.py:90} INFO - Running: ['***', 'tasks', 'run', 'dbt_transformations', 'dbt_deps', 'manual__2025-09-06T14:42:08.681128+00:00', '--job-id', '24', '--raw', '--subdir', 'DAGS_FOLDER/dbt_transformations.py', '--cfg-path', '/tmp/tmpcgs_7db4']
[2025-09-06T14:42:09.328+0000] {standard_task_runner.py:91} INFO - Job 24: Subtask dbt_deps
[2025-09-06T14:42:09.368+0000] {task_command.py:426} INFO - Running <TaskInstance: dbt_transformations.dbt_deps manual__2025-09-06T14:42:08.681128+00:00 [running]> on host dd8e0e853e24
[2025-09-06T14:42:09.426+0000] {taskinstance.py:2648} INFO - Exporting env vars: AIRFLOW_CTX_DAG_OWNER='***' AIRFLOW_CTX_DAG_ID='dbt_transformations' AIRFLOW_CTX_TASK_ID='dbt_deps' AIRFLOW_CTX_EXECUTION_DATE='2025-09-06T14:42:08.681128+00:00' AIRFLOW_CTX_TRY_NUMBER='1' AIRFLOW_CTX_DAG_RUN_ID='manual__2025-09-06T14:42:08.681128+00:00'
[2025-09-06T14:42:09.427+0000] {taskinstance.py:430} INFO - ::endgroup::
[2025-09-06T14:42:09.438+0000] {subprocess.py:63} INFO - Tmp dir root location: /tmp
[2025-09-06T14:42:09.439+0000] {subprocess.py:75} INFO - Running command: ['/usr/bin/bash', '-c', 'export PATH="$PATH:/home/***/.local/bin" && cd /opt/***/dbt && DBT_PROFILES_DIR="/opt/***/dbt" dbt deps']
[2025-09-06T14:42:09.445+0000] {subprocess.py:86} INFO - Output:
[2025-09-06T14:42:11.491+0000] {subprocess.py:93} INFO - [0m14:42:11  Running with dbt=1.10.11
[2025-09-06T14:42:14.088+0000] {subprocess.py:93} INFO - [0m14:42:14  Installing dbt-labs/dbt_utils
[2025-09-06T14:42:15.157+0000] {subprocess.py:93} INFO - [0m14:42:15  Installed from version 1.3.0
[2025-09-06T14:42:15.158+0000] {subprocess.py:93} INFO - [0m14:42:15  Up to date!
[2025-09-06T14:42:18.007+0000] {subprocess.py:97} INFO - Command exited with return code 0
[2025-09-06T14:42:18.009+0000] {taskinstance.py:441} INFO - ::group::Post task execution logs
[2025-09-06T14:42:18.030+0000] {taskinstance.py:1206} INFO - Marking task as SUCCESS. dag_id=dbt_transformations, task_id=dbt_deps, run_id=manual__2025-09-06T14:42:08.681128+00:00, execution_date=20250906T144208, start_date=20250906T144209, end_date=20250906T144218
[2025-09-06T14:42:18.065+0000] {local_task_job_runner.py:243} INFO - Task exited with return code 0
[2025-09-06T14:42:18.086+0000] {taskinstance.py:3503} INFO - 1 downstream tasks scheduled from follow-on schedule check
[2025-09-06T14:42:18.087+0000] {local_task_job_runner.py:222} INFO - ::endgroup::
