[2025-09-06T16:34:49.485+0000] {local_task_job_runner.py:120} INFO - ::group::Pre task execution logs
[2025-09-06T16:34:49.505+0000] {taskinstance.py:2076} INFO - Dependencies all met for dep_context=non-requeueable deps ti=<TaskInstance: dbt_transformations.dbt_run manual__2025-09-06T16:34:41.543526+00:00 [queued]>
[2025-09-06T16:34:49.510+0000] {taskinstance.py:2076} INFO - Dependencies all met for dep_context=requeueable deps ti=<TaskInstance: dbt_transformations.dbt_run manual__2025-09-06T16:34:41.543526+00:00 [queued]>
[2025-09-06T16:34:49.510+0000] {taskinstance.py:2306} INFO - Starting attempt 1 of 1
[2025-09-06T16:34:49.516+0000] {taskinstance.py:2330} INFO - Executing <Task(BashOperator): dbt_run> on 2025-09-06 16:34:41.543526+00:00
[2025-09-06T16:34:49.522+0000] {logging_mixin.py:188} WARNING - /home/***/.local/lib/python3.12/site-packages/***/task/task_runner/standard_task_runner.py:62 DeprecationWarning: This process (pid=4053) is multi-threaded, use of fork() may lead to deadlocks in the child.
[2025-09-06T16:34:49.522+0000] {standard_task_runner.py:64} INFO - Started process 4054 to run task
[2025-09-06T16:34:49.521+0000] {standard_task_runner.py:90} INFO - Running: ['***', 'tasks', 'run', 'dbt_transformations', 'dbt_run', 'manual__2025-09-06T16:34:41.543526+00:00', '--job-id', '66', '--raw', '--subdir', 'DAGS_FOLDER/dbt_transformations.py', '--cfg-path', '/tmp/tmp8adw7h8l']
[2025-09-06T16:34:49.523+0000] {standard_task_runner.py:91} INFO - Job 66: Subtask dbt_run
[2025-09-06T16:34:49.551+0000] {task_command.py:426} INFO - Running <TaskInstance: dbt_transformations.dbt_run manual__2025-09-06T16:34:41.543526+00:00 [running]> on host dd8e0e853e24
[2025-09-06T16:34:49.598+0000] {taskinstance.py:2648} INFO - Exporting env vars: AIRFLOW_CTX_DAG_OWNER='***' AIRFLOW_CTX_DAG_ID='dbt_transformations' AIRFLOW_CTX_TASK_ID='dbt_run' AIRFLOW_CTX_EXECUTION_DATE='2025-09-06T16:34:41.543526+00:00' AIRFLOW_CTX_TRY_NUMBER='1' AIRFLOW_CTX_DAG_RUN_ID='manual__2025-09-06T16:34:41.543526+00:00'
[2025-09-06T16:34:49.599+0000] {taskinstance.py:430} INFO - ::endgroup::
[2025-09-06T16:34:49.607+0000] {subprocess.py:63} INFO - Tmp dir root location: /tmp
[2025-09-06T16:34:49.608+0000] {subprocess.py:75} INFO - Running command: ['/usr/bin/bash', '-c', 'export PATH="$PATH:/home/***/.local/bin" && cd /opt/***/dbt && DBT_PROFILES_DIR="/opt/***/dbt" dbt run --project-dir . --profiles-dir "/opt/***/dbt"']
[2025-09-06T16:34:49.613+0000] {subprocess.py:86} INFO - Output:
[2025-09-06T16:34:51.243+0000] {subprocess.py:93} INFO - [0m16:34:51  Running with dbt=1.10.11
[2025-09-06T16:34:51.424+0000] {subprocess.py:93} INFO - [0m16:34:51  Registered adapter: postgres=1.8.2
[2025-09-06T16:34:51.798+0000] {subprocess.py:93} INFO - [0m16:34:51  Found 3 models, 7 data tests, 1 source, 550 macros
[2025-09-06T16:34:51.801+0000] {subprocess.py:93} INFO - [0m16:34:51
[2025-09-06T16:34:51.801+0000] {subprocess.py:93} INFO - [0m16:34:51  Concurrency: 4 threads (target='dev')
[2025-09-06T16:34:51.802+0000] {subprocess.py:93} INFO - [0m16:34:51
[2025-09-06T16:34:52.035+0000] {subprocess.py:93} INFO - [0m16:34:52  1 of 3 START sql table model gold.customer_360 ................................. [RUN]
[2025-09-06T16:34:52.035+0000] {subprocess.py:93} INFO - [0m16:34:52  2 of 3 START sql table model silver.customers_clean ............................ [RUN]
[2025-09-06T16:34:52.036+0000] {subprocess.py:93} INFO - [0m16:34:52  3 of 3 START sql table model bronze.customers_raw .............................. [RUN]
[2025-09-06T16:34:52.185+0000] {subprocess.py:93} INFO - [0m16:34:52  1 of 3 OK created sql table model gold.customer_360 ............................ [[32mSELECT 1000[0m in 0.14s]
[2025-09-06T16:34:52.193+0000] {subprocess.py:93} INFO - [0m16:34:52  2 of 3 OK created sql table model silver.customers_clean ....................... [[32mSELECT 1000[0m in 0.15s]
[2025-09-06T16:34:52.204+0000] {subprocess.py:93} INFO - [0m16:34:52  3 of 3 OK created sql table model bronze.customers_raw ......................... [[32mSELECT 1000[0m in 0.16s]
[2025-09-06T16:34:52.216+0000] {subprocess.py:93} INFO - [0m16:34:52
[2025-09-06T16:34:52.217+0000] {subprocess.py:93} INFO - [0m16:34:52  Finished running 3 table models in 0 hours 0 minutes and 0.41 seconds (0.41s).
[2025-09-06T16:34:52.257+0000] {subprocess.py:93} INFO - [0m16:34:52
[2025-09-06T16:34:52.258+0000] {subprocess.py:93} INFO - [0m16:34:52  [32mCompleted successfully[0m
[2025-09-06T16:34:52.258+0000] {subprocess.py:93} INFO - [0m16:34:52
[2025-09-06T16:34:52.259+0000] {subprocess.py:93} INFO - [0m16:34:52  Done. PASS=3 WARN=0 ERROR=0 SKIP=0 NO-OP=0 TOTAL=3
[2025-09-06T16:34:54.150+0000] {subprocess.py:97} INFO - Command exited with return code 0
[2025-09-06T16:34:54.152+0000] {taskinstance.py:441} INFO - ::group::Post task execution logs
[2025-09-06T16:34:54.189+0000] {taskinstance.py:1206} INFO - Marking task as SUCCESS. dag_id=dbt_transformations, task_id=dbt_run, run_id=manual__2025-09-06T16:34:41.543526+00:00, execution_date=20250906T163441, start_date=20250906T163449, end_date=20250906T163454
[2025-09-06T16:34:54.234+0000] {local_task_job_runner.py:243} INFO - Task exited with return code 0
[2025-09-06T16:34:54.250+0000] {local_task_job_runner.py:222} INFO - ::endgroup::
