[2025-09-06T16:35:08.545+0000] {local_task_job_runner.py:120} INFO - ::group::Pre task execution logs
[2025-09-06T16:35:08.578+0000] {taskinstance.py:2076} INFO - Dependencies all met for dep_context=non-requeueable deps ti=<TaskInstance: dbt_transformations.dbt_deps manual__2025-09-06T16:35:07.652284+00:00 [queued]>
[2025-09-06T16:35:08.588+0000] {taskinstance.py:2076} INFO - Dependencies all met for dep_context=requeueable deps ti=<TaskInstance: dbt_transformations.dbt_deps manual__2025-09-06T16:35:07.652284+00:00 [queued]>
[2025-09-06T16:35:08.588+0000] {taskinstance.py:2306} INFO - Starting attempt 1 of 1
[2025-09-06T16:35:08.600+0000] {taskinstance.py:2330} INFO - Executing <Task(BashOperator): dbt_deps> on 2025-09-06 16:35:07.652284+00:00
[2025-09-06T16:35:08.612+0000] {logging_mixin.py:188} WARNING - /home/***/.local/lib/python3.12/site-packages/***/task/task_runner/standard_task_runner.py:62 DeprecationWarning: This process (pid=4096) is multi-threaded, use of fork() may lead to deadlocks in the child.
[2025-09-06T16:35:08.613+0000] {standard_task_runner.py:64} INFO - Started process 4099 to run task
[2025-09-06T16:35:08.613+0000] {standard_task_runner.py:90} INFO - Running: ['***', 'tasks', 'run', 'dbt_transformations', 'dbt_deps', 'manual__2025-09-06T16:35:07.652284+00:00', '--job-id', '68', '--raw', '--subdir', 'DAGS_FOLDER/dbt_transformations.py', '--cfg-path', '/tmp/tmpfyvjoya3']
[2025-09-06T16:35:08.615+0000] {standard_task_runner.py:91} INFO - Job 68: Subtask dbt_deps
[2025-09-06T16:35:08.663+0000] {task_command.py:426} INFO - Running <TaskInstance: dbt_transformations.dbt_deps manual__2025-09-06T16:35:07.652284+00:00 [running]> on host dd8e0e853e24
[2025-09-06T16:35:08.744+0000] {taskinstance.py:2648} INFO - Exporting env vars: AIRFLOW_CTX_DAG_OWNER='***' AIRFLOW_CTX_DAG_ID='dbt_transformations' AIRFLOW_CTX_TASK_ID='dbt_deps' AIRFLOW_CTX_EXECUTION_DATE='2025-09-06T16:35:07.652284+00:00' AIRFLOW_CTX_TRY_NUMBER='1' AIRFLOW_CTX_DAG_RUN_ID='manual__2025-09-06T16:35:07.652284+00:00'
[2025-09-06T16:35:08.745+0000] {taskinstance.py:430} INFO - ::endgroup::
[2025-09-06T16:35:08.759+0000] {subprocess.py:63} INFO - Tmp dir root location: /tmp
[2025-09-06T16:35:08.760+0000] {subprocess.py:75} INFO - Running command: ['/usr/bin/bash', '-c', 'export PATH="$PATH:/home/***/.local/bin" && cd /opt/***/dbt && DBT_PROFILES_DIR="/opt/***/dbt" dbt deps']
[2025-09-06T16:35:08.768+0000] {subprocess.py:86} INFO - Output:
[2025-09-06T16:35:10.707+0000] {subprocess.py:93} INFO - [0m16:35:10  Running with dbt=1.10.11
[2025-09-06T16:35:11.335+0000] {subprocess.py:93} INFO - [0m16:35:11  Installing dbt-labs/dbt_utils
[2025-09-06T16:35:12.203+0000] {subprocess.py:93} INFO - [0m16:35:12  Installed from version 1.3.0
[2025-09-06T16:35:12.204+0000] {subprocess.py:93} INFO - [0m16:35:12  Up to date!
[2025-09-06T16:35:13.858+0000] {subprocess.py:97} INFO - Command exited with return code 0
[2025-09-06T16:35:13.860+0000] {taskinstance.py:441} INFO - ::group::Post task execution logs
[2025-09-06T16:35:13.887+0000] {taskinstance.py:1206} INFO - Marking task as SUCCESS. dag_id=dbt_transformations, task_id=dbt_deps, run_id=manual__2025-09-06T16:35:07.652284+00:00, execution_date=20250906T163507, start_date=20250906T163508, end_date=20250906T163513
[2025-09-06T16:35:13.904+0000] {local_task_job_runner.py:243} INFO - Task exited with return code 0
[2025-09-06T16:35:13.939+0000] {taskinstance.py:3503} INFO - 1 downstream tasks scheduled from follow-on schedule check
[2025-09-06T16:35:13.940+0000] {local_task_job_runner.py:222} INFO - ::endgroup::
