[2025-09-06T09:43:28.603+0000] {local_task_job_runner.py:120} INFO - ::group::Pre task execution logs
[2025-09-06T09:43:28.628+0000] {taskinstance.py:2076} INFO - Dependencies all met for dep_context=non-requeueable deps ti=<TaskInstance: dbt_transformations.dbt_deps manual__2025-09-06T09:43:27.444371+00:00 [queued]>
[2025-09-06T09:43:28.633+0000] {taskinstance.py:2076} INFO - Dependencies all met for dep_context=requeueable deps ti=<TaskInstance: dbt_transformations.dbt_deps manual__2025-09-06T09:43:27.444371+00:00 [queued]>
[2025-09-06T09:43:28.633+0000] {taskinstance.py:2306} INFO - Starting attempt 1 of 1
[2025-09-06T09:43:28.641+0000] {taskinstance.py:2330} INFO - Executing <Task(BashOperator): dbt_deps> on 2025-09-06 09:43:27.444371+00:00
[2025-09-06T09:43:28.645+0000] {standard_task_runner.py:90} INFO - Running: ['***', 'tasks', 'run', 'dbt_transformations', 'dbt_deps', 'manual__2025-09-06T09:43:27.444371+00:00', '--job-id', '9', '--raw', '--subdir', 'DAGS_FOLDER/dbt_transformations.py', '--cfg-path', '/tmp/tmprlws5qo2']
[2025-09-06T09:43:28.647+0000] {standard_task_runner.py:91} INFO - Job 9: Subtask dbt_deps
[2025-09-06T09:43:28.647+0000] {logging_mixin.py:188} WARNING - /home/***/.local/lib/python3.12/site-packages/***/task/task_runner/standard_task_runner.py:62 DeprecationWarning: This process (pid=216) is multi-threaded, use of fork() may lead to deadlocks in the child.
[2025-09-06T09:43:28.649+0000] {standard_task_runner.py:64} INFO - Started process 217 to run task
[2025-09-06T09:43:28.678+0000] {task_command.py:426} INFO - Running <TaskInstance: dbt_transformations.dbt_deps manual__2025-09-06T09:43:27.444371+00:00 [running]> on host 11092d7efcaf
[2025-09-06T09:43:28.732+0000] {taskinstance.py:2648} INFO - Exporting env vars: AIRFLOW_CTX_DAG_OWNER='***' AIRFLOW_CTX_DAG_ID='dbt_transformations' AIRFLOW_CTX_TASK_ID='dbt_deps' AIRFLOW_CTX_EXECUTION_DATE='2025-09-06T09:43:27.444371+00:00' AIRFLOW_CTX_TRY_NUMBER='1' AIRFLOW_CTX_DAG_RUN_ID='manual__2025-09-06T09:43:27.444371+00:00'
[2025-09-06T09:43:28.733+0000] {taskinstance.py:430} INFO - ::endgroup::
[2025-09-06T09:43:28.750+0000] {subprocess.py:63} INFO - Tmp dir root location: /tmp
[2025-09-06T09:43:28.751+0000] {subprocess.py:75} INFO - Running command: ['/usr/bin/bash', '-c', 'export PATH="$PATH:/home/***/.local/bin" && cd /opt/***/dbt && DBT_PROFILES_DIR="/opt/***/dbt/profiles" dbt deps']
[2025-09-06T09:43:28.757+0000] {subprocess.py:86} INFO - Output:
[2025-09-06T09:43:30.557+0000] {subprocess.py:93} INFO - [0m09:43:30  Running with dbt=1.10.11
[2025-09-06T09:43:30.664+0000] {subprocess.py:93} INFO - [0m09:43:30  Warning: No packages were found in packages.yml
[2025-09-06T09:43:30.668+0000] {subprocess.py:93} INFO - [0m09:43:30  Warning: No packages were found in packages.yml
[2025-09-06T09:43:32.409+0000] {subprocess.py:97} INFO - Command exited with return code 0
[2025-09-06T09:43:32.410+0000] {taskinstance.py:441} INFO - ::group::Post task execution logs
[2025-09-06T09:43:32.426+0000] {taskinstance.py:1206} INFO - Marking task as SUCCESS. dag_id=dbt_transformations, task_id=dbt_deps, run_id=manual__2025-09-06T09:43:27.444371+00:00, execution_date=20250906T094327, start_date=20250906T094328, end_date=20250906T094332
[2025-09-06T09:43:32.464+0000] {local_task_job_runner.py:243} INFO - Task exited with return code 0
[2025-09-06T09:43:32.479+0000] {taskinstance.py:3503} INFO - 0 downstream tasks scheduled from follow-on schedule check
[2025-09-06T09:43:32.480+0000] {local_task_job_runner.py:222} INFO - ::endgroup::
