[2025-09-06T16:35:08.544+0000] {local_task_job_runner.py:120} INFO - ::group::Pre task execution logs
[2025-09-06T16:35:08.582+0000] {taskinstance.py:2076} INFO - Dependencies all met for dep_context=non-requeueable deps ti=<TaskInstance: dbt_transformations.wait_for_load manual__2025-09-06T16:35:07.652284+00:00 [queued]>
[2025-09-06T16:35:08.589+0000] {taskinstance.py:2076} INFO - Dependencies all met for dep_context=requeueable deps ti=<TaskInstance: dbt_transformations.wait_for_load manual__2025-09-06T16:35:07.652284+00:00 [queued]>
[2025-09-06T16:35:08.591+0000] {taskinstance.py:2306} INFO - Starting attempt 1 of 1
[2025-09-06T16:35:08.601+0000] {taskinstance.py:2330} INFO - Executing <Task(ExternalTaskSensor): wait_for_load> on 2025-09-06 16:35:07.652284+00:00
[2025-09-06T16:35:08.610+0000] {logging_mixin.py:188} WARNING - /home/***/.local/lib/python3.12/site-packages/***/task/task_runner/standard_task_runner.py:62 DeprecationWarning: This process (pid=4097) is multi-threaded, use of fork() may lead to deadlocks in the child.
[2025-09-06T16:35:08.612+0000] {standard_task_runner.py:64} INFO - Started process 4098 to run task
[2025-09-06T16:35:08.615+0000] {standard_task_runner.py:90} INFO - Running: ['***', 'tasks', 'run', 'dbt_transformations', 'wait_for_load', 'manual__2025-09-06T16:35:07.652284+00:00', '--job-id', '69', '--raw', '--subdir', 'DAGS_FOLDER/dbt_transformations.py', '--cfg-path', '/tmp/tmp_pg9v54e']
[2025-09-06T16:35:08.617+0000] {standard_task_runner.py:91} INFO - Job 69: Subtask wait_for_load
[2025-09-06T16:35:08.664+0000] {task_command.py:426} INFO - Running <TaskInstance: dbt_transformations.wait_for_load manual__2025-09-06T16:35:07.652284+00:00 [running]> on host dd8e0e853e24
[2025-09-06T16:35:08.744+0000] {taskinstance.py:2648} INFO - Exporting env vars: AIRFLOW_CTX_DAG_OWNER='***' AIRFLOW_CTX_DAG_ID='dbt_transformations' AIRFLOW_CTX_TASK_ID='wait_for_load' AIRFLOW_CTX_EXECUTION_DATE='2025-09-06T16:35:07.652284+00:00' AIRFLOW_CTX_TRY_NUMBER='1' AIRFLOW_CTX_DAG_RUN_ID='manual__2025-09-06T16:35:07.652284+00:00'
[2025-09-06T16:35:08.745+0000] {taskinstance.py:430} INFO - ::endgroup::
[2025-09-06T16:35:08.760+0000] {baseoperator.py:400} WARNING - ExternalTaskSensor.execute cannot be called outside TaskInstance!
[2025-09-06T16:35:08.767+0000] {external_task.py:258} INFO - Poking for tasks ['print_success'] in dag load_customers_to_postgres on 2025-09-06T16:35:07.652284+00:00 ... 
[2025-09-06T16:35:08.778+0000] {dagbag.py:545} INFO - Filling up the DagBag from /opt/***/dags/load_customers_to_postgres.py
[2025-09-06T16:35:08.811+0000] {logging_mixin.py:188} WARNING - /home/***/.local/lib/python3.12/site-packages/***/utils/session.py:79 DeprecationWarning: This method is deprecated and will be removed in future.
[2025-09-06T16:35:08.825+0000] {taskinstance.py:441} INFO - ::group::Post task execution logs
[2025-09-06T16:35:08.844+0000] {taskinstance.py:2865} INFO - Rescheduling task, marking task as UP_FOR_RESCHEDULE
[2025-09-06T16:35:08.878+0000] {local_task_job_runner.py:243} INFO - Task exited with return code 0
[2025-09-06T16:35:08.890+0000] {taskinstance.py:3503} INFO - 0 downstream tasks scheduled from follow-on schedule check
[2025-09-06T16:35:08.891+0000] {local_task_job_runner.py:222} INFO - ::endgroup::
[2025-09-06T16:36:09.669+0000] {local_task_job_runner.py:120} INFO - ::group::Pre task execution logs
[2025-09-06T16:36:09.695+0000] {taskinstance.py:2076} INFO - Dependencies all met for dep_context=non-requeueable deps ti=<TaskInstance: dbt_transformations.wait_for_load manual__2025-09-06T16:35:07.652284+00:00 [queued]>
[2025-09-06T16:36:09.700+0000] {taskinstance.py:2076} INFO - Dependencies all met for dep_context=requeueable deps ti=<TaskInstance: dbt_transformations.wait_for_load manual__2025-09-06T16:35:07.652284+00:00 [queued]>
[2025-09-06T16:36:09.700+0000] {taskinstance.py:2306} INFO - Starting attempt 1 of 1
[2025-09-06T16:36:09.708+0000] {taskinstance.py:2330} INFO - Executing <Task(ExternalTaskSensor): wait_for_load> on 2025-09-06 16:35:07.652284+00:00
[2025-09-06T16:36:09.716+0000] {logging_mixin.py:188} WARNING - /home/***/.local/lib/python3.12/site-packages/***/task/task_runner/standard_task_runner.py:62 DeprecationWarning: This process (pid=4157) is multi-threaded, use of fork() may lead to deadlocks in the child.
[2025-09-06T16:36:09.713+0000] {standard_task_runner.py:90} INFO - Running: ['***', 'tasks', 'run', 'dbt_transformations', 'wait_for_load', 'manual__2025-09-06T16:35:07.652284+00:00', '--job-id', '73', '--raw', '--subdir', 'DAGS_FOLDER/dbt_transformations.py', '--cfg-path', '/tmp/tmpdmdjnt10']
[2025-09-06T16:36:09.717+0000] {standard_task_runner.py:91} INFO - Job 73: Subtask wait_for_load
[2025-09-06T16:36:09.717+0000] {standard_task_runner.py:64} INFO - Started process 4158 to run task
[2025-09-06T16:36:09.776+0000] {task_command.py:426} INFO - Running <TaskInstance: dbt_transformations.wait_for_load manual__2025-09-06T16:35:07.652284+00:00 [running]> on host dd8e0e853e24
[2025-09-06T16:36:09.865+0000] {taskinstance.py:2648} INFO - Exporting env vars: AIRFLOW_CTX_DAG_OWNER='***' AIRFLOW_CTX_DAG_ID='dbt_transformations' AIRFLOW_CTX_TASK_ID='wait_for_load' AIRFLOW_CTX_EXECUTION_DATE='2025-09-06T16:35:07.652284+00:00' AIRFLOW_CTX_TRY_NUMBER='1' AIRFLOW_CTX_DAG_RUN_ID='manual__2025-09-06T16:35:07.652284+00:00'
[2025-09-06T16:36:09.866+0000] {taskinstance.py:430} INFO - ::endgroup::
[2025-09-06T16:36:09.881+0000] {baseoperator.py:400} WARNING - ExternalTaskSensor.execute cannot be called outside TaskInstance!
[2025-09-06T16:36:09.887+0000] {external_task.py:258} INFO - Poking for tasks ['print_success'] in dag load_customers_to_postgres on 2025-09-06T16:35:07.652284+00:00 ... 
[2025-09-06T16:36:09.894+0000] {dagbag.py:545} INFO - Filling up the DagBag from /opt/***/dags/load_customers_to_postgres.py
[2025-09-06T16:36:09.921+0000] {logging_mixin.py:188} WARNING - /home/***/.local/lib/python3.12/site-packages/***/utils/session.py:79 DeprecationWarning: This method is deprecated and will be removed in future.
[2025-09-06T16:36:09.928+0000] {taskinstance.py:441} INFO - ::group::Post task execution logs
[2025-09-06T16:36:09.942+0000] {taskinstance.py:2865} INFO - Rescheduling task, marking task as UP_FOR_RESCHEDULE
[2025-09-06T16:36:09.988+0000] {local_task_job_runner.py:243} INFO - Task exited with return code 0
[2025-09-06T16:36:09.999+0000] {taskinstance.py:3503} INFO - 0 downstream tasks scheduled from follow-on schedule check
[2025-09-06T16:36:10.000+0000] {local_task_job_runner.py:222} INFO - ::endgroup::
[2025-09-06T16:37:10.962+0000] {local_task_job_runner.py:120} INFO - ::group::Pre task execution logs
[2025-09-06T16:37:10.988+0000] {taskinstance.py:2076} INFO - Dependencies all met for dep_context=non-requeueable deps ti=<TaskInstance: dbt_transformations.wait_for_load manual__2025-09-06T16:35:07.652284+00:00 [queued]>
[2025-09-06T16:37:10.993+0000] {taskinstance.py:2076} INFO - Dependencies all met for dep_context=requeueable deps ti=<TaskInstance: dbt_transformations.wait_for_load manual__2025-09-06T16:35:07.652284+00:00 [queued]>
[2025-09-06T16:37:10.993+0000] {taskinstance.py:2306} INFO - Starting attempt 1 of 1
[2025-09-06T16:37:11.001+0000] {taskinstance.py:2330} INFO - Executing <Task(ExternalTaskSensor): wait_for_load> on 2025-09-06 16:35:07.652284+00:00
[2025-09-06T16:37:11.008+0000] {logging_mixin.py:188} WARNING - /home/***/.local/lib/python3.12/site-packages/***/task/task_runner/standard_task_runner.py:62 DeprecationWarning: This process (pid=4196) is multi-threaded, use of fork() may lead to deadlocks in the child.
[2025-09-06T16:37:11.007+0000] {standard_task_runner.py:90} INFO - Running: ['***', 'tasks', 'run', 'dbt_transformations', 'wait_for_load', 'manual__2025-09-06T16:35:07.652284+00:00', '--job-id', '75', '--raw', '--subdir', 'DAGS_FOLDER/dbt_transformations.py', '--cfg-path', '/tmp/tmps3450m4g']
[2025-09-06T16:37:11.010+0000] {standard_task_runner.py:91} INFO - Job 75: Subtask wait_for_load
[2025-09-06T16:37:11.010+0000] {standard_task_runner.py:64} INFO - Started process 4197 to run task
[2025-09-06T16:37:11.056+0000] {task_command.py:426} INFO - Running <TaskInstance: dbt_transformations.wait_for_load manual__2025-09-06T16:35:07.652284+00:00 [running]> on host dd8e0e853e24
[2025-09-06T16:37:11.137+0000] {taskinstance.py:2648} INFO - Exporting env vars: AIRFLOW_CTX_DAG_OWNER='***' AIRFLOW_CTX_DAG_ID='dbt_transformations' AIRFLOW_CTX_TASK_ID='wait_for_load' AIRFLOW_CTX_EXECUTION_DATE='2025-09-06T16:35:07.652284+00:00' AIRFLOW_CTX_TRY_NUMBER='1' AIRFLOW_CTX_DAG_RUN_ID='manual__2025-09-06T16:35:07.652284+00:00'
[2025-09-06T16:37:11.138+0000] {taskinstance.py:430} INFO - ::endgroup::
[2025-09-06T16:37:11.163+0000] {baseoperator.py:400} WARNING - ExternalTaskSensor.execute cannot be called outside TaskInstance!
[2025-09-06T16:37:11.169+0000] {external_task.py:258} INFO - Poking for tasks ['print_success'] in dag load_customers_to_postgres on 2025-09-06T16:35:07.652284+00:00 ... 
[2025-09-06T16:37:11.174+0000] {dagbag.py:545} INFO - Filling up the DagBag from /opt/***/dags/load_customers_to_postgres.py
[2025-09-06T16:37:11.201+0000] {logging_mixin.py:188} WARNING - /home/***/.local/lib/python3.12/site-packages/***/utils/session.py:79 DeprecationWarning: This method is deprecated and will be removed in future.
[2025-09-06T16:37:11.208+0000] {taskinstance.py:441} INFO - ::group::Post task execution logs
[2025-09-06T16:37:11.219+0000] {taskinstance.py:2865} INFO - Rescheduling task, marking task as UP_FOR_RESCHEDULE
[2025-09-06T16:37:11.238+0000] {local_task_job_runner.py:243} INFO - Task exited with return code 0
[2025-09-06T16:37:11.248+0000] {taskinstance.py:3503} INFO - 0 downstream tasks scheduled from follow-on schedule check
[2025-09-06T16:37:11.248+0000] {local_task_job_runner.py:222} INFO - ::endgroup::
