[2025-09-06T09:45:58.923+0000] {local_task_job_runner.py:120} INFO - ::group::Pre task execution logs
[2025-09-06T09:45:58.960+0000] {taskinstance.py:2076} INFO - Dependencies all met for dep_context=non-requeueable deps ti=<TaskInstance: dbt_transformations.dbt_deps manual__2025-09-06T09:45:57.940461+00:00 [queued]>
[2025-09-06T09:45:58.966+0000] {taskinstance.py:2076} INFO - Dependencies all met for dep_context=requeueable deps ti=<TaskInstance: dbt_transformations.dbt_deps manual__2025-09-06T09:45:57.940461+00:00 [queued]>
[2025-09-06T09:45:58.967+0000] {taskinstance.py:2306} INFO - Starting attempt 1 of 1
[2025-09-06T09:45:58.976+0000] {taskinstance.py:2330} INFO - Executing <Task(BashOperator): dbt_deps> on 2025-09-06 09:45:57.940461+00:00
[2025-09-06T09:45:58.983+0000] {logging_mixin.py:188} WARNING - /home/***/.local/lib/python3.12/site-packages/***/task/task_runner/standard_task_runner.py:62 DeprecationWarning: This process (pid=328) is multi-threaded, use of fork() may lead to deadlocks in the child.
[2025-09-06T09:45:58.981+0000] {standard_task_runner.py:90} INFO - Running: ['***', 'tasks', 'run', 'dbt_transformations', 'dbt_deps', 'manual__2025-09-06T09:45:57.940461+00:00', '--job-id', '11', '--raw', '--subdir', 'DAGS_FOLDER/dbt_transformations.py', '--cfg-path', '/tmp/tmpma_wn5w4']
[2025-09-06T09:45:58.983+0000] {standard_task_runner.py:91} INFO - Job 11: Subtask dbt_deps
[2025-09-06T09:45:58.983+0000] {standard_task_runner.py:64} INFO - Started process 329 to run task
[2025-09-06T09:45:59.023+0000] {task_command.py:426} INFO - Running <TaskInstance: dbt_transformations.dbt_deps manual__2025-09-06T09:45:57.940461+00:00 [running]> on host 11092d7efcaf
[2025-09-06T09:45:59.088+0000] {taskinstance.py:2648} INFO - Exporting env vars: AIRFLOW_CTX_DAG_OWNER='***' AIRFLOW_CTX_DAG_ID='dbt_transformations' AIRFLOW_CTX_TASK_ID='dbt_deps' AIRFLOW_CTX_EXECUTION_DATE='2025-09-06T09:45:57.940461+00:00' AIRFLOW_CTX_TRY_NUMBER='1' AIRFLOW_CTX_DAG_RUN_ID='manual__2025-09-06T09:45:57.940461+00:00'
[2025-09-06T09:45:59.088+0000] {taskinstance.py:430} INFO - ::endgroup::
[2025-09-06T09:45:59.102+0000] {subprocess.py:63} INFO - Tmp dir root location: /tmp
[2025-09-06T09:45:59.103+0000] {subprocess.py:75} INFO - Running command: ['/usr/bin/bash', '-c', 'export PATH="$PATH:/home/***/.local/bin" && cd /opt/***/dbt && DBT_PROFILES_DIR="/opt/***/dbt" dbt deps']
[2025-09-06T09:45:59.109+0000] {subprocess.py:86} INFO - Output:
[2025-09-06T09:46:00.939+0000] {subprocess.py:93} INFO - [0m09:46:00  Running with dbt=1.10.11
[2025-09-06T09:46:01.045+0000] {subprocess.py:93} INFO - [0m09:46:01  Warning: No packages were found in packages.yml
[2025-09-06T09:46:01.049+0000] {subprocess.py:93} INFO - [0m09:46:01  Warning: No packages were found in packages.yml
[2025-09-06T09:46:02.810+0000] {subprocess.py:97} INFO - Command exited with return code 0
[2025-09-06T09:46:02.811+0000] {taskinstance.py:441} INFO - ::group::Post task execution logs
[2025-09-06T09:46:02.826+0000] {taskinstance.py:1206} INFO - Marking task as SUCCESS. dag_id=dbt_transformations, task_id=dbt_deps, run_id=manual__2025-09-06T09:45:57.940461+00:00, execution_date=20250906T094557, start_date=20250906T094558, end_date=20250906T094602
[2025-09-06T09:46:02.858+0000] {local_task_job_runner.py:243} INFO - Task exited with return code 0
[2025-09-06T09:46:02.876+0000] {taskinstance.py:3503} INFO - 1 downstream tasks scheduled from follow-on schedule check
[2025-09-06T09:46:02.877+0000] {local_task_job_runner.py:222} INFO - ::endgroup::
