[2025-09-06T14:49:28.460+0000] {local_task_job_runner.py:120} INFO - ::group::Pre task execution logs
[2025-09-06T14:49:28.479+0000] {taskinstance.py:2076} INFO - Dependencies all met for dep_context=non-requeueable deps ti=<TaskInstance: dbt_transformations.dbt_run manual__2025-09-06T14:49:18.072630+00:00 [queued]>
[2025-09-06T14:49:28.483+0000] {taskinstance.py:2076} INFO - Dependencies all met for dep_context=requeueable deps ti=<TaskInstance: dbt_transformations.dbt_run manual__2025-09-06T14:49:18.072630+00:00 [queued]>
[2025-09-06T14:49:28.483+0000] {taskinstance.py:2306} INFO - Starting attempt 1 of 1
[2025-09-06T14:49:28.489+0000] {taskinstance.py:2330} INFO - Executing <Task(BashOperator): dbt_run> on 2025-09-06 14:49:18.072630+00:00
[2025-09-06T14:49:28.493+0000] {standard_task_runner.py:90} INFO - Running: ['***', 'tasks', 'run', 'dbt_transformations', 'dbt_run', 'manual__2025-09-06T14:49:18.072630+00:00', '--job-id', '32', '--raw', '--subdir', 'DAGS_FOLDER/dbt_transformations.py', '--cfg-path', '/tmp/tmpsj960vnc']
[2025-09-06T14:49:28.495+0000] {standard_task_runner.py:91} INFO - Job 32: Subtask dbt_run
[2025-09-06T14:49:28.495+0000] {logging_mixin.py:188} WARNING - /home/***/.local/lib/python3.12/site-packages/***/task/task_runner/standard_task_runner.py:62 DeprecationWarning: This process (pid=2652) is multi-threaded, use of fork() may lead to deadlocks in the child.
[2025-09-06T14:49:28.497+0000] {standard_task_runner.py:64} INFO - Started process 2653 to run task
[2025-09-06T14:49:28.522+0000] {task_command.py:426} INFO - Running <TaskInstance: dbt_transformations.dbt_run manual__2025-09-06T14:49:18.072630+00:00 [running]> on host dd8e0e853e24
[2025-09-06T14:49:28.564+0000] {taskinstance.py:2648} INFO - Exporting env vars: AIRFLOW_CTX_DAG_OWNER='***' AIRFLOW_CTX_DAG_ID='dbt_transformations' AIRFLOW_CTX_TASK_ID='dbt_run' AIRFLOW_CTX_EXECUTION_DATE='2025-09-06T14:49:18.072630+00:00' AIRFLOW_CTX_TRY_NUMBER='1' AIRFLOW_CTX_DAG_RUN_ID='manual__2025-09-06T14:49:18.072630+00:00'
[2025-09-06T14:49:28.564+0000] {taskinstance.py:430} INFO - ::endgroup::
[2025-09-06T14:49:28.571+0000] {subprocess.py:63} INFO - Tmp dir root location: /tmp
[2025-09-06T14:49:28.572+0000] {subprocess.py:75} INFO - Running command: ['/usr/bin/bash', '-c', 'export PATH="$PATH:/home/***/.local/bin" && cd /opt/***/dbt && DBT_PROFILES_DIR="/opt/***/dbt" dbt run --project-dir . --profiles-dir "/opt/***/dbt"']
[2025-09-06T14:49:28.577+0000] {subprocess.py:86} INFO - Output:
[2025-09-06T14:49:29.789+0000] {subprocess.py:93} INFO - [0m14:49:29  Running with dbt=1.10.11
[2025-09-06T14:49:29.927+0000] {subprocess.py:93} INFO - [0m14:49:29  Registered adapter: postgres=1.8.2
[2025-09-06T14:49:30.114+0000] {subprocess.py:93} INFO - [0m14:49:30  [[33mWARNING[0m]: Did not find matching node for patch with name 'vw_customer_360' in the 'models' section of file 'models/gold.yml'
[2025-09-06T14:49:30.164+0000] {subprocess.py:93} INFO - [0m14:49:30  [[33mWARNING[0m][MissingArgumentsPropertyInGenericTestDeprecation]: Deprecated
[2025-09-06T14:49:30.165+0000] {subprocess.py:93} INFO - functionality
[2025-09-06T14:49:30.165+0000] {subprocess.py:93} INFO - Found top-level arguments to test `accepted_values`. Arguments to generic tests
[2025-09-06T14:49:30.165+0000] {subprocess.py:93} INFO - should be nested under the `arguments` property.`
[2025-09-06T14:49:30.189+0000] {subprocess.py:93} INFO - [0m14:49:30  [[33mWARNING[0m]: Test 'test.elt_assignment.not_null_vw_customer_360_customer_hash.1740ff3523' (models/gold.yml) depends on a node named 'vw_customer_360' in package '' which was not found
[2025-09-06T14:49:30.190+0000] {subprocess.py:93} INFO - [0m14:49:30  [[33mWARNING[0m]: Test 'test.elt_assignment.unique_vw_customer_360_customer_hash.0e9c8937eb' (models/gold.yml) depends on a node named 'vw_customer_360' in package '' which was not found
[2025-09-06T14:49:30.190+0000] {subprocess.py:93} INFO - [0m14:49:30  [[33mWARNING[0m]: Test 'test.elt_assignment.accepted_values_vw_customer_360_age_band__Under_25__25_34__35_44__45_54__55_64__65___Unknown.e4fd1fdecb' (models/gold.yml) depends on a node named 'vw_customer_360' in package '' which was not found
[2025-09-06T14:49:30.190+0000] {subprocess.py:93} INFO - [0m14:49:30  [[33mWARNING[0m]: Test 'test.elt_assignment.accepted_values_vw_customer_360_tenure_band__New_3m___4_12m__12_24m__24_36m__36m_.b857d0ed40' (models/gold.yml) depends on a node named 'vw_customer_360' in package '' which was not found
[2025-09-06T14:49:30.191+0000] {subprocess.py:93} INFO - [0m14:49:30  [[33mWARNING[0m]: Test 'test.elt_assignment.accepted_values_vw_customer_360_tech_support_label__Yes__No__Unknown.d57bdda4c1' (models/gold.yml) depends on a node named 'vw_customer_360' in package '' which was not found
[2025-09-06T14:49:30.191+0000] {subprocess.py:93} INFO - [0m14:49:30  [[33mWARNING[0m]: Test 'test.elt_assignment.accepted_values_vw_customer_360_churn_status__Churned__Active__Unknown.3076627921' (models/gold.yml) depends on a node named 'vw_customer_360' in package '' which was not found
[2025-09-06T14:49:30.191+0000] {subprocess.py:93} INFO - [0m14:49:30  [[33mWARNING[0m]: Test 'test.elt_assignment.accepted_values_vw_customer_360_revenue_bucket__High__Medium__Low.2251f8e8ce' (models/gold.yml) depends on a node named 'vw_customer_360' in package '' which was not found
[2025-09-06T14:49:30.312+0000] {subprocess.py:93} INFO - [0m14:49:30  Found 3 models, 1 source, 550 macros
[2025-09-06T14:49:30.314+0000] {subprocess.py:93} INFO - [0m14:49:30
[2025-09-06T14:49:30.314+0000] {subprocess.py:93} INFO - [0m14:49:30  Concurrency: 4 threads (target='dev')
[2025-09-06T14:49:30.315+0000] {subprocess.py:93} INFO - [0m14:49:30
[2025-09-06T14:49:30.436+0000] {subprocess.py:93} INFO - [0m14:49:30  1 of 3 START sql table model gold.customer_360 ................................. [RUN]
[2025-09-06T14:49:30.437+0000] {subprocess.py:93} INFO - [0m14:49:30  2 of 3 START sql table model silver.customers_clean ............................ [RUN]
[2025-09-06T14:49:30.437+0000] {subprocess.py:93} INFO - [0m14:49:30  3 of 3 START sql table model bronze.customers_raw .............................. [RUN]
[2025-09-06T14:49:30.716+0000] {subprocess.py:93} INFO - [0m14:49:30  1 of 3 OK created sql table model gold.customer_360 ............................ [[32mSELECT 1000[0m in 0.28s]
[2025-09-06T14:49:30.723+0000] {subprocess.py:93} INFO - [0m14:49:30  2 of 3 OK created sql table model silver.customers_clean ....................... [[32mSELECT 1000[0m in 0.28s]
[2025-09-06T14:49:30.730+0000] {subprocess.py:93} INFO - [0m14:49:30  3 of 3 OK created sql table model bronze.customers_raw ......................... [[32mSELECT 1000[0m in 0.29s]
[2025-09-06T14:49:30.739+0000] {subprocess.py:93} INFO - [0m14:49:30
[2025-09-06T14:49:30.739+0000] {subprocess.py:93} INFO - [0m14:49:30  Finished running 3 table models in 0 hours 0 minutes and 0.42 seconds (0.42s).
[2025-09-06T14:49:30.773+0000] {subprocess.py:93} INFO - [0m14:49:30
[2025-09-06T14:49:30.774+0000] {subprocess.py:93} INFO - [0m14:49:30  [32mCompleted successfully[0m
[2025-09-06T14:49:30.774+0000] {subprocess.py:93} INFO - [0m14:49:30
[2025-09-06T14:49:30.775+0000] {subprocess.py:93} INFO - [0m14:49:30  Done. PASS=3 WARN=0 ERROR=0 SKIP=0 NO-OP=0 TOTAL=3
[2025-09-06T14:49:30.775+0000] {subprocess.py:93} INFO - [0m14:49:30  [[33mWARNING[0m][DeprecationsSummary]: Deprecated functionality
[2025-09-06T14:49:30.776+0000] {subprocess.py:93} INFO - Summary of encountered deprecations:
[2025-09-06T14:49:30.776+0000] {subprocess.py:93} INFO - - MissingArgumentsPropertyInGenericTestDeprecation: 5 occurrences
[2025-09-06T14:49:30.776+0000] {subprocess.py:93} INFO - To see all deprecation instances instead of just the first occurrence of each,
[2025-09-06T14:49:30.776+0000] {subprocess.py:93} INFO - run command again with the `--show-all-deprecations` flag. You may also need to
[2025-09-06T14:49:30.776+0000] {subprocess.py:93} INFO - run with `--no-partial-parse` as some deprecations are only encountered during
[2025-09-06T14:49:30.776+0000] {subprocess.py:93} INFO - parsing.
[2025-09-06T14:49:32.802+0000] {subprocess.py:97} INFO - Command exited with return code 0
[2025-09-06T14:49:32.804+0000] {taskinstance.py:441} INFO - ::group::Post task execution logs
[2025-09-06T14:49:32.824+0000] {taskinstance.py:1206} INFO - Marking task as SUCCESS. dag_id=dbt_transformations, task_id=dbt_run, run_id=manual__2025-09-06T14:49:18.072630+00:00, execution_date=20250906T144918, start_date=20250906T144928, end_date=20250906T144932
[2025-09-06T14:49:32.857+0000] {local_task_job_runner.py:243} INFO - Task exited with return code 0
[2025-09-06T14:49:32.870+0000] {taskinstance.py:3503} INFO - 1 downstream tasks scheduled from follow-on schedule check
[2025-09-06T14:49:32.871+0000] {local_task_job_runner.py:222} INFO - ::endgroup::
