[2025-09-06T13:53:45.791+0000] {local_task_job_runner.py:120} INFO - ::group::Pre task execution logs
[2025-09-06T13:53:45.813+0000] {taskinstance.py:2076} INFO - Dependencies all met for dep_context=non-requeueable deps ti=<TaskInstance: load_customers_to_postgres.create_bronze_schema_and_table manual__2025-09-06T13:53:42.334368+00:00 [queued]>
[2025-09-06T13:53:45.818+0000] {taskinstance.py:2076} INFO - Dependencies all met for dep_context=requeueable deps ti=<TaskInstance: load_customers_to_postgres.create_bronze_schema_and_table manual__2025-09-06T13:53:42.334368+00:00 [queued]>
[2025-09-06T13:53:45.818+0000] {taskinstance.py:2306} INFO - Starting attempt 1 of 2
[2025-09-06T13:53:45.824+0000] {taskinstance.py:2330} INFO - Executing <Task(_PythonDecoratedOperator): create_bronze_schema_and_table> on 2025-09-06 13:53:42.334368+00:00
[2025-09-06T13:53:45.831+0000] {logging_mixin.py:188} WARNING - /home/***/.local/lib/python3.12/site-packages/***/task/task_runner/standard_task_runner.py:62 DeprecationWarning: This process (pid=228) is multi-threaded, use of fork() may lead to deadlocks in the child.
[2025-09-06T13:53:45.832+0000] {standard_task_runner.py:64} INFO - Started process 229 to run task
[2025-09-06T13:53:45.831+0000] {standard_task_runner.py:90} INFO - Running: ['***', 'tasks', 'run', 'load_customers_to_postgres', 'create_bronze_schema_and_table', 'manual__2025-09-06T13:53:42.334368+00:00', '--job-id', '5', '--raw', '--subdir', 'DAGS_FOLDER/load_customers_to_postgres.py', '--cfg-path', '/tmp/tmpu5uyjijg']
[2025-09-06T13:53:45.835+0000] {standard_task_runner.py:91} INFO - Job 5: Subtask create_bronze_schema_and_table
[2025-09-06T13:53:45.865+0000] {task_command.py:426} INFO - Running <TaskInstance: load_customers_to_postgres.create_bronze_schema_and_table manual__2025-09-06T13:53:42.334368+00:00 [running]> on host dd8e0e853e24
[2025-09-06T13:53:45.904+0000] {taskinstance.py:2648} INFO - Exporting env vars: AIRFLOW_CTX_DAG_OWNER='etl' AIRFLOW_CTX_DAG_ID='load_customers_to_postgres' AIRFLOW_CTX_TASK_ID='create_bronze_schema_and_table' AIRFLOW_CTX_EXECUTION_DATE='2025-09-06T13:53:42.334368+00:00' AIRFLOW_CTX_TRY_NUMBER='1' AIRFLOW_CTX_DAG_RUN_ID='manual__2025-09-06T13:53:42.334368+00:00'
[2025-09-06T13:53:45.906+0000] {taskinstance.py:430} INFO - ::endgroup::
[2025-09-06T13:53:45.909+0000] {crypto.py:82} WARNING - empty cryptography key - values will not be stored encrypted.
[2025-09-06T13:53:45.910+0000] {base.py:84} INFO - Using connection ID 'postgres_default' for task execution.
[2025-09-06T13:53:45.917+0000] {python.py:237} INFO - Done. Returned value was: None
[2025-09-06T13:53:45.918+0000] {taskinstance.py:441} INFO - ::group::Post task execution logs
[2025-09-06T13:53:45.924+0000] {taskinstance.py:1206} INFO - Marking task as SUCCESS. dag_id=load_customers_to_postgres, task_id=create_bronze_schema_and_table, run_id=manual__2025-09-06T13:53:42.334368+00:00, execution_date=20250906T135342, start_date=20250906T135345, end_date=20250906T135345
[2025-09-06T13:53:45.933+0000] {local_task_job_runner.py:243} INFO - Task exited with return code 0
[2025-09-06T13:53:45.946+0000] {taskinstance.py:3503} INFO - 1 downstream tasks scheduled from follow-on schedule check
[2025-09-06T13:53:45.946+0000] {local_task_job_runner.py:222} INFO - ::endgroup::
