[2025-09-06T16:34:43.666+0000] {local_task_job_runner.py:120} INFO - ::group::Pre task execution logs
[2025-09-06T16:34:43.696+0000] {taskinstance.py:2076} INFO - Dependencies all met for dep_context=non-requeueable deps ti=<TaskInstance: dbt_transformations.wait_for_load manual__2025-09-06T16:34:41.543526+00:00 [queued]>
[2025-09-06T16:34:43.701+0000] {taskinstance.py:2076} INFO - Dependencies all met for dep_context=requeueable deps ti=<TaskInstance: dbt_transformations.wait_for_load manual__2025-09-06T16:34:41.543526+00:00 [queued]>
[2025-09-06T16:34:43.702+0000] {taskinstance.py:2306} INFO - Starting attempt 1 of 1
[2025-09-06T16:34:43.712+0000] {taskinstance.py:2330} INFO - Executing <Task(ExternalTaskSensor): wait_for_load> on 2025-09-06 16:34:41.543526+00:00
[2025-09-06T16:34:43.720+0000] {logging_mixin.py:188} WARNING - /home/***/.local/lib/python3.12/site-packages/***/task/task_runner/standard_task_runner.py:62 DeprecationWarning: This process (pid=4047) is multi-threaded, use of fork() may lead to deadlocks in the child.
[2025-09-06T16:34:43.721+0000] {standard_task_runner.py:64} INFO - Started process 4049 to run task
[2025-09-06T16:34:43.720+0000] {standard_task_runner.py:90} INFO - Running: ['***', 'tasks', 'run', 'dbt_transformations', 'wait_for_load', 'manual__2025-09-06T16:34:41.543526+00:00', '--job-id', '64', '--raw', '--subdir', 'DAGS_FOLDER/dbt_transformations.py', '--cfg-path', '/tmp/tmps_5izn8h']
[2025-09-06T16:34:43.723+0000] {standard_task_runner.py:91} INFO - Job 64: Subtask wait_for_load
[2025-09-06T16:34:43.764+0000] {task_command.py:426} INFO - Running <TaskInstance: dbt_transformations.wait_for_load manual__2025-09-06T16:34:41.543526+00:00 [running]> on host dd8e0e853e24
[2025-09-06T16:34:43.824+0000] {taskinstance.py:2648} INFO - Exporting env vars: AIRFLOW_CTX_DAG_OWNER='***' AIRFLOW_CTX_DAG_ID='dbt_transformations' AIRFLOW_CTX_TASK_ID='wait_for_load' AIRFLOW_CTX_EXECUTION_DATE='2025-09-06T16:34:41.543526+00:00' AIRFLOW_CTX_TRY_NUMBER='1' AIRFLOW_CTX_DAG_RUN_ID='manual__2025-09-06T16:34:41.543526+00:00'
[2025-09-06T16:34:43.825+0000] {taskinstance.py:430} INFO - ::endgroup::
[2025-09-06T16:34:43.836+0000] {baseoperator.py:400} WARNING - ExternalTaskSensor.execute cannot be called outside TaskInstance!
[2025-09-06T16:34:43.842+0000] {external_task.py:258} INFO - Poking for tasks ['print_success'] in dag load_customers_to_postgres on 2025-09-06T16:34:41.543526+00:00 ... 
[2025-09-06T16:34:43.849+0000] {dagbag.py:545} INFO - Filling up the DagBag from /opt/***/dags/load_customers_to_postgres.py
[2025-09-06T16:34:43.878+0000] {logging_mixin.py:188} WARNING - /home/***/.local/lib/python3.12/site-packages/***/utils/session.py:79 DeprecationWarning: This method is deprecated and will be removed in future.
[2025-09-06T16:34:43.886+0000] {taskinstance.py:441} INFO - ::group::Post task execution logs
[2025-09-06T16:34:43.899+0000] {taskinstance.py:2865} INFO - Rescheduling task, marking task as UP_FOR_RESCHEDULE
[2025-09-06T16:34:43.946+0000] {local_task_job_runner.py:243} INFO - Task exited with return code 0
[2025-09-06T16:34:43.958+0000] {taskinstance.py:3503} INFO - 0 downstream tasks scheduled from follow-on schedule check
[2025-09-06T16:34:43.959+0000] {local_task_job_runner.py:222} INFO - ::endgroup::
[2025-09-06T16:35:44.385+0000] {local_task_job_runner.py:120} INFO - ::group::Pre task execution logs
[2025-09-06T16:35:44.417+0000] {taskinstance.py:2076} INFO - Dependencies all met for dep_context=non-requeueable deps ti=<TaskInstance: dbt_transformations.wait_for_load manual__2025-09-06T16:34:41.543526+00:00 [queued]>
[2025-09-06T16:35:44.422+0000] {taskinstance.py:2076} INFO - Dependencies all met for dep_context=requeueable deps ti=<TaskInstance: dbt_transformations.wait_for_load manual__2025-09-06T16:34:41.543526+00:00 [queued]>
[2025-09-06T16:35:44.423+0000] {taskinstance.py:2306} INFO - Starting attempt 1 of 1
[2025-09-06T16:35:44.431+0000] {taskinstance.py:2330} INFO - Executing <Task(ExternalTaskSensor): wait_for_load> on 2025-09-06 16:34:41.543526+00:00
[2025-09-06T16:35:44.438+0000] {logging_mixin.py:188} WARNING - /home/***/.local/lib/python3.12/site-packages/***/task/task_runner/standard_task_runner.py:62 DeprecationWarning: This process (pid=4145) is multi-threaded, use of fork() may lead to deadlocks in the child.
[2025-09-06T16:35:44.438+0000] {standard_task_runner.py:64} INFO - Started process 4146 to run task
[2025-09-06T16:35:44.437+0000] {standard_task_runner.py:90} INFO - Running: ['***', 'tasks', 'run', 'dbt_transformations', 'wait_for_load', 'manual__2025-09-06T16:34:41.543526+00:00', '--job-id', '72', '--raw', '--subdir', 'DAGS_FOLDER/dbt_transformations.py', '--cfg-path', '/tmp/tmp6xj5navx']
[2025-09-06T16:35:44.440+0000] {standard_task_runner.py:91} INFO - Job 72: Subtask wait_for_load
[2025-09-06T16:35:44.501+0000] {task_command.py:426} INFO - Running <TaskInstance: dbt_transformations.wait_for_load manual__2025-09-06T16:34:41.543526+00:00 [running]> on host dd8e0e853e24
[2025-09-06T16:35:44.578+0000] {taskinstance.py:2648} INFO - Exporting env vars: AIRFLOW_CTX_DAG_OWNER='***' AIRFLOW_CTX_DAG_ID='dbt_transformations' AIRFLOW_CTX_TASK_ID='wait_for_load' AIRFLOW_CTX_EXECUTION_DATE='2025-09-06T16:34:41.543526+00:00' AIRFLOW_CTX_TRY_NUMBER='1' AIRFLOW_CTX_DAG_RUN_ID='manual__2025-09-06T16:34:41.543526+00:00'
[2025-09-06T16:35:44.579+0000] {taskinstance.py:430} INFO - ::endgroup::
[2025-09-06T16:35:44.601+0000] {baseoperator.py:400} WARNING - ExternalTaskSensor.execute cannot be called outside TaskInstance!
[2025-09-06T16:35:44.607+0000] {external_task.py:258} INFO - Poking for tasks ['print_success'] in dag load_customers_to_postgres on 2025-09-06T16:34:41.543526+00:00 ... 
[2025-09-06T16:35:44.613+0000] {dagbag.py:545} INFO - Filling up the DagBag from /opt/***/dags/load_customers_to_postgres.py
[2025-09-06T16:35:44.637+0000] {logging_mixin.py:188} WARNING - /home/***/.local/lib/python3.12/site-packages/***/utils/session.py:79 DeprecationWarning: This method is deprecated and will be removed in future.
[2025-09-06T16:35:44.646+0000] {taskinstance.py:441} INFO - ::group::Post task execution logs
[2025-09-06T16:35:44.658+0000] {taskinstance.py:2865} INFO - Rescheduling task, marking task as UP_FOR_RESCHEDULE
[2025-09-06T16:35:44.667+0000] {local_task_job_runner.py:243} INFO - Task exited with return code 0
[2025-09-06T16:35:44.677+0000] {taskinstance.py:3503} INFO - 0 downstream tasks scheduled from follow-on schedule check
[2025-09-06T16:35:44.678+0000] {local_task_job_runner.py:222} INFO - ::endgroup::
[2025-09-06T16:36:45.149+0000] {local_task_job_runner.py:120} INFO - ::group::Pre task execution logs
[2025-09-06T16:36:45.185+0000] {taskinstance.py:2076} INFO - Dependencies all met for dep_context=non-requeueable deps ti=<TaskInstance: dbt_transformations.wait_for_load manual__2025-09-06T16:34:41.543526+00:00 [queued]>
[2025-09-06T16:36:45.191+0000] {taskinstance.py:2076} INFO - Dependencies all met for dep_context=requeueable deps ti=<TaskInstance: dbt_transformations.wait_for_load manual__2025-09-06T16:34:41.543526+00:00 [queued]>
[2025-09-06T16:36:45.191+0000] {taskinstance.py:2306} INFO - Starting attempt 1 of 1
[2025-09-06T16:36:45.201+0000] {taskinstance.py:2330} INFO - Executing <Task(ExternalTaskSensor): wait_for_load> on 2025-09-06 16:34:41.543526+00:00
[2025-09-06T16:36:45.210+0000] {logging_mixin.py:188} WARNING - /home/***/.local/lib/python3.12/site-packages/***/task/task_runner/standard_task_runner.py:62 DeprecationWarning: This process (pid=4184) is multi-threaded, use of fork() may lead to deadlocks in the child.
[2025-09-06T16:36:45.208+0000] {standard_task_runner.py:90} INFO - Running: ['***', 'tasks', 'run', 'dbt_transformations', 'wait_for_load', 'manual__2025-09-06T16:34:41.543526+00:00', '--job-id', '74', '--raw', '--subdir', 'DAGS_FOLDER/dbt_transformations.py', '--cfg-path', '/tmp/tmpqs2y43dv']
[2025-09-06T16:36:45.211+0000] {standard_task_runner.py:91} INFO - Job 74: Subtask wait_for_load
[2025-09-06T16:36:45.211+0000] {standard_task_runner.py:64} INFO - Started process 4185 to run task
[2025-09-06T16:36:45.267+0000] {task_command.py:426} INFO - Running <TaskInstance: dbt_transformations.wait_for_load manual__2025-09-06T16:34:41.543526+00:00 [running]> on host dd8e0e853e24
[2025-09-06T16:36:45.355+0000] {taskinstance.py:2648} INFO - Exporting env vars: AIRFLOW_CTX_DAG_OWNER='***' AIRFLOW_CTX_DAG_ID='dbt_transformations' AIRFLOW_CTX_TASK_ID='wait_for_load' AIRFLOW_CTX_EXECUTION_DATE='2025-09-06T16:34:41.543526+00:00' AIRFLOW_CTX_TRY_NUMBER='1' AIRFLOW_CTX_DAG_RUN_ID='manual__2025-09-06T16:34:41.543526+00:00'
[2025-09-06T16:36:45.356+0000] {taskinstance.py:430} INFO - ::endgroup::
[2025-09-06T16:36:45.372+0000] {baseoperator.py:400} WARNING - ExternalTaskSensor.execute cannot be called outside TaskInstance!
[2025-09-06T16:36:45.379+0000] {external_task.py:258} INFO - Poking for tasks ['print_success'] in dag load_customers_to_postgres on 2025-09-06T16:34:41.543526+00:00 ... 
[2025-09-06T16:36:45.386+0000] {dagbag.py:545} INFO - Filling up the DagBag from /opt/***/dags/load_customers_to_postgres.py
[2025-09-06T16:36:45.419+0000] {logging_mixin.py:188} WARNING - /home/***/.local/lib/python3.12/site-packages/***/utils/session.py:79 DeprecationWarning: This method is deprecated and will be removed in future.
[2025-09-06T16:36:45.427+0000] {taskinstance.py:441} INFO - ::group::Post task execution logs
[2025-09-06T16:36:45.442+0000] {taskinstance.py:2865} INFO - Rescheduling task, marking task as UP_FOR_RESCHEDULE
[2025-09-06T16:36:45.482+0000] {local_task_job_runner.py:243} INFO - Task exited with return code 0
[2025-09-06T16:36:45.494+0000] {taskinstance.py:3503} INFO - 0 downstream tasks scheduled from follow-on schedule check
[2025-09-06T16:36:45.495+0000] {local_task_job_runner.py:222} INFO - ::endgroup::
[2025-09-06T16:37:45.631+0000] {local_task_job_runner.py:120} INFO - ::group::Pre task execution logs
[2025-09-06T16:37:45.651+0000] {taskinstance.py:2076} INFO - Dependencies all met for dep_context=non-requeueable deps ti=<TaskInstance: dbt_transformations.wait_for_load manual__2025-09-06T16:34:41.543526+00:00 [queued]>
[2025-09-06T16:37:45.657+0000] {taskinstance.py:2076} INFO - Dependencies all met for dep_context=requeueable deps ti=<TaskInstance: dbt_transformations.wait_for_load manual__2025-09-06T16:34:41.543526+00:00 [queued]>
[2025-09-06T16:37:45.658+0000] {taskinstance.py:2306} INFO - Starting attempt 1 of 1
[2025-09-06T16:37:45.666+0000] {taskinstance.py:2330} INFO - Executing <Task(ExternalTaskSensor): wait_for_load> on 2025-09-06 16:34:41.543526+00:00
[2025-09-06T16:37:45.670+0000] {logging_mixin.py:188} WARNING - /home/***/.local/lib/python3.12/site-packages/***/task/task_runner/standard_task_runner.py:62 DeprecationWarning: This process (pid=4263) is multi-threaded, use of fork() may lead to deadlocks in the child.
[2025-09-06T16:37:45.670+0000] {standard_task_runner.py:90} INFO - Running: ['***', 'tasks', 'run', 'dbt_transformations', 'wait_for_load', 'manual__2025-09-06T16:34:41.543526+00:00', '--job-id', '87', '--raw', '--subdir', 'DAGS_FOLDER/dbt_transformations.py', '--cfg-path', '/tmp/tmpz1t8jdxx']
[2025-09-06T16:37:45.672+0000] {standard_task_runner.py:64} INFO - Started process 4264 to run task
[2025-09-06T16:37:45.672+0000] {standard_task_runner.py:91} INFO - Job 87: Subtask wait_for_load
[2025-09-06T16:37:45.699+0000] {task_command.py:426} INFO - Running <TaskInstance: dbt_transformations.wait_for_load manual__2025-09-06T16:34:41.543526+00:00 [running]> on host dd8e0e853e24
[2025-09-06T16:37:45.747+0000] {taskinstance.py:2648} INFO - Exporting env vars: AIRFLOW_CTX_DAG_OWNER='***' AIRFLOW_CTX_DAG_ID='dbt_transformations' AIRFLOW_CTX_TASK_ID='wait_for_load' AIRFLOW_CTX_EXECUTION_DATE='2025-09-06T16:34:41.543526+00:00' AIRFLOW_CTX_TRY_NUMBER='1' AIRFLOW_CTX_DAG_RUN_ID='manual__2025-09-06T16:34:41.543526+00:00'
[2025-09-06T16:37:45.748+0000] {taskinstance.py:430} INFO - ::endgroup::
[2025-09-06T16:37:45.756+0000] {baseoperator.py:400} WARNING - ExternalTaskSensor.execute cannot be called outside TaskInstance!
[2025-09-06T16:37:45.761+0000] {external_task.py:258} INFO - Poking for tasks ['print_success'] in dag load_customers_to_postgres on 2025-09-06T16:34:41.543526+00:00 ... 
[2025-09-06T16:37:45.766+0000] {dagbag.py:545} INFO - Filling up the DagBag from /opt/***/dags/load_customers_to_postgres.py
[2025-09-06T16:37:45.793+0000] {logging_mixin.py:188} WARNING - /home/***/.local/lib/python3.12/site-packages/***/utils/session.py:79 DeprecationWarning: This method is deprecated and will be removed in future.
[2025-09-06T16:37:45.800+0000] {taskinstance.py:441} INFO - ::group::Post task execution logs
[2025-09-06T16:37:45.812+0000] {taskinstance.py:2865} INFO - Rescheduling task, marking task as UP_FOR_RESCHEDULE
[2025-09-06T16:37:45.854+0000] {local_task_job_runner.py:243} INFO - Task exited with return code 0
[2025-09-06T16:37:45.864+0000] {taskinstance.py:3503} INFO - 0 downstream tasks scheduled from follow-on schedule check
[2025-09-06T16:37:45.865+0000] {local_task_job_runner.py:222} INFO - ::endgroup::
