[2025-09-06T16:35:15.138+0000] {local_task_job_runner.py:120} INFO - ::group::Pre task execution logs
[2025-09-06T16:35:15.179+0000] {taskinstance.py:2076} INFO - Dependencies all met for dep_context=non-requeueable deps ti=<TaskInstance: dbt_transformations.dbt_run manual__2025-09-06T16:35:07.652284+00:00 [queued]>
[2025-09-06T16:35:15.187+0000] {taskinstance.py:2076} INFO - Dependencies all met for dep_context=requeueable deps ti=<TaskInstance: dbt_transformations.dbt_run manual__2025-09-06T16:35:07.652284+00:00 [queued]>
[2025-09-06T16:35:15.187+0000] {taskinstance.py:2306} INFO - Starting attempt 1 of 1
[2025-09-06T16:35:15.197+0000] {taskinstance.py:2330} INFO - Executing <Task(BashOperator): dbt_run> on 2025-09-06 16:35:07.652284+00:00
[2025-09-06T16:35:15.208+0000] {logging_mixin.py:188} WARNING - /home/***/.local/lib/python3.12/site-packages/***/task/task_runner/standard_task_runner.py:62 DeprecationWarning: This process (pid=4102) is multi-threaded, use of fork() may lead to deadlocks in the child.
[2025-09-06T16:35:15.206+0000] {standard_task_runner.py:90} INFO - Running: ['***', 'tasks', 'run', 'dbt_transformations', 'dbt_run', 'manual__2025-09-06T16:35:07.652284+00:00', '--job-id', '70', '--raw', '--subdir', 'DAGS_FOLDER/dbt_transformations.py', '--cfg-path', '/tmp/tmpe92im1cw']
[2025-09-06T16:35:15.209+0000] {standard_task_runner.py:91} INFO - Job 70: Subtask dbt_run
[2025-09-06T16:35:15.209+0000] {standard_task_runner.py:64} INFO - Started process 4103 to run task
[2025-09-06T16:35:15.262+0000] {task_command.py:426} INFO - Running <TaskInstance: dbt_transformations.dbt_run manual__2025-09-06T16:35:07.652284+00:00 [running]> on host dd8e0e853e24
[2025-09-06T16:35:15.336+0000] {taskinstance.py:2648} INFO - Exporting env vars: AIRFLOW_CTX_DAG_OWNER='***' AIRFLOW_CTX_DAG_ID='dbt_transformations' AIRFLOW_CTX_TASK_ID='dbt_run' AIRFLOW_CTX_EXECUTION_DATE='2025-09-06T16:35:07.652284+00:00' AIRFLOW_CTX_TRY_NUMBER='1' AIRFLOW_CTX_DAG_RUN_ID='manual__2025-09-06T16:35:07.652284+00:00'
[2025-09-06T16:35:15.336+0000] {taskinstance.py:430} INFO - ::endgroup::
[2025-09-06T16:35:15.349+0000] {subprocess.py:63} INFO - Tmp dir root location: /tmp
[2025-09-06T16:35:15.350+0000] {subprocess.py:75} INFO - Running command: ['/usr/bin/bash', '-c', 'export PATH="$PATH:/home/***/.local/bin" && cd /opt/***/dbt && DBT_PROFILES_DIR="/opt/***/dbt" dbt run --project-dir . --profiles-dir "/opt/***/dbt"']
[2025-09-06T16:35:15.357+0000] {subprocess.py:86} INFO - Output:
[2025-09-06T16:35:17.420+0000] {subprocess.py:93} INFO - [0m16:35:17  Running with dbt=1.10.11
[2025-09-06T16:35:17.626+0000] {subprocess.py:93} INFO - [0m16:35:17  Registered adapter: postgres=1.8.2
[2025-09-06T16:35:18.006+0000] {subprocess.py:93} INFO - [0m16:35:18  Found 3 models, 7 data tests, 1 source, 550 macros
[2025-09-06T16:35:18.008+0000] {subprocess.py:93} INFO - [0m16:35:18
[2025-09-06T16:35:18.008+0000] {subprocess.py:93} INFO - [0m16:35:18  Concurrency: 4 threads (target='dev')
[2025-09-06T16:35:18.009+0000] {subprocess.py:93} INFO - [0m16:35:18
[2025-09-06T16:35:18.244+0000] {subprocess.py:93} INFO - [0m16:35:18  1 of 3 START sql table model gold.customer_360 ................................. [RUN]
[2025-09-06T16:35:18.246+0000] {subprocess.py:93} INFO - [0m16:35:18  2 of 3 START sql table model silver.customers_clean ............................ [RUN]
[2025-09-06T16:35:18.246+0000] {subprocess.py:93} INFO - [0m16:35:18  3 of 3 START sql table model bronze.customers_raw .............................. [RUN]
[2025-09-06T16:35:18.398+0000] {subprocess.py:93} INFO - [0m16:35:18  1 of 3 OK created sql table model gold.customer_360 ............................ [[32mSELECT 1000[0m in 0.15s]
[2025-09-06T16:35:18.406+0000] {subprocess.py:93} INFO - [0m16:35:18  2 of 3 OK created sql table model silver.customers_clean ....................... [[32mSELECT 1000[0m in 0.16s]
[2025-09-06T16:35:18.418+0000] {subprocess.py:93} INFO - [0m16:35:18  3 of 3 OK created sql table model bronze.customers_raw ......................... [[32mSELECT 1000[0m in 0.17s]
[2025-09-06T16:35:18.431+0000] {subprocess.py:93} INFO - [0m16:35:18
[2025-09-06T16:35:18.432+0000] {subprocess.py:93} INFO - [0m16:35:18  Finished running 3 table models in 0 hours 0 minutes and 0.42 seconds (0.42s).
[2025-09-06T16:35:18.486+0000] {subprocess.py:93} INFO - [0m16:35:18
[2025-09-06T16:35:18.486+0000] {subprocess.py:93} INFO - [0m16:35:18  [32mCompleted successfully[0m
[2025-09-06T16:35:18.487+0000] {subprocess.py:93} INFO - [0m16:35:18
[2025-09-06T16:35:18.487+0000] {subprocess.py:93} INFO - [0m16:35:18  Done. PASS=3 WARN=0 ERROR=0 SKIP=0 NO-OP=0 TOTAL=3
[2025-09-06T16:35:20.076+0000] {subprocess.py:97} INFO - Command exited with return code 0
[2025-09-06T16:35:20.080+0000] {taskinstance.py:441} INFO - ::group::Post task execution logs
[2025-09-06T16:35:20.139+0000] {taskinstance.py:1206} INFO - Marking task as SUCCESS. dag_id=dbt_transformations, task_id=dbt_run, run_id=manual__2025-09-06T16:35:07.652284+00:00, execution_date=20250906T163507, start_date=20250906T163515, end_date=20250906T163520
[2025-09-06T16:35:20.168+0000] {local_task_job_runner.py:243} INFO - Task exited with return code 0
[2025-09-06T16:35:20.207+0000] {taskinstance.py:3503} INFO - 1 downstream tasks scheduled from follow-on schedule check
[2025-09-06T16:35:20.208+0000] {local_task_job_runner.py:222} INFO - ::endgroup::
