[2025-09-06T16:37:24.553+0000] {local_task_job_runner.py:120} INFO - ::group::Pre task execution logs
[2025-09-06T16:37:24.578+0000] {taskinstance.py:2076} INFO - Dependencies all met for dep_context=non-requeueable deps ti=<TaskInstance: dbt_transformations.dbt_deps manual__2025-09-06T16:37:18.863576+00:00 [queued]>
[2025-09-06T16:37:24.585+0000] {taskinstance.py:2076} INFO - Dependencies all met for dep_context=requeueable deps ti=<TaskInstance: dbt_transformations.dbt_deps manual__2025-09-06T16:37:18.863576+00:00 [queued]>
[2025-09-06T16:37:24.585+0000] {taskinstance.py:2306} INFO - Starting attempt 1 of 1
[2025-09-06T16:37:24.593+0000] {taskinstance.py:2330} INFO - Executing <Task(BashOperator): dbt_deps> on 2025-09-06 16:37:18.863576+00:00
[2025-09-06T16:37:24.599+0000] {logging_mixin.py:188} WARNING - /home/***/.local/lib/python3.12/site-packages/***/task/task_runner/standard_task_runner.py:62 DeprecationWarning: This process (pid=4220) is multi-threaded, use of fork() may lead to deadlocks in the child.
[2025-09-06T16:37:24.600+0000] {standard_task_runner.py:64} INFO - Started process 4222 to run task
[2025-09-06T16:37:24.599+0000] {standard_task_runner.py:90} INFO - Running: ['***', 'tasks', 'run', 'dbt_transformations', 'dbt_deps', 'manual__2025-09-06T16:37:18.863576+00:00', '--job-id', '84', '--raw', '--subdir', 'DAGS_FOLDER/dbt_transformations.py', '--cfg-path', '/tmp/tmprokuvvyn']
[2025-09-06T16:37:24.601+0000] {standard_task_runner.py:91} INFO - Job 84: Subtask dbt_deps
[2025-09-06T16:37:24.635+0000] {task_command.py:426} INFO - Running <TaskInstance: dbt_transformations.dbt_deps manual__2025-09-06T16:37:18.863576+00:00 [running]> on host dd8e0e853e24
[2025-09-06T16:37:24.700+0000] {taskinstance.py:2648} INFO - Exporting env vars: AIRFLOW_CTX_DAG_OWNER='***' AIRFLOW_CTX_DAG_ID='dbt_transformations' AIRFLOW_CTX_TASK_ID='dbt_deps' AIRFLOW_CTX_EXECUTION_DATE='2025-09-06T16:37:18.863576+00:00' AIRFLOW_CTX_TRY_NUMBER='1' AIRFLOW_CTX_DAG_RUN_ID='manual__2025-09-06T16:37:18.863576+00:00'
[2025-09-06T16:37:24.700+0000] {taskinstance.py:430} INFO - ::endgroup::
[2025-09-06T16:37:24.710+0000] {subprocess.py:63} INFO - Tmp dir root location: /tmp
[2025-09-06T16:37:24.711+0000] {subprocess.py:75} INFO - Running command: ['/usr/bin/bash', '-c', 'export PATH="$PATH:/home/***/.local/bin" && cd /opt/***/dbt && DBT_PROFILES_DIR="/opt/***/dbt" dbt deps']
[2025-09-06T16:37:24.716+0000] {subprocess.py:86} INFO - Output:
[2025-09-06T16:37:26.432+0000] {subprocess.py:93} INFO - [0m16:37:26  Running with dbt=1.10.11
[2025-09-06T16:37:27.277+0000] {subprocess.py:93} INFO - [0m16:37:27  Installing dbt-labs/dbt_utils
[2025-09-06T16:37:28.277+0000] {subprocess.py:93} INFO - [0m16:37:28  Installed from version 1.3.0
[2025-09-06T16:37:28.278+0000] {subprocess.py:93} INFO - [0m16:37:28  Up to date!
[2025-09-06T16:37:30.777+0000] {subprocess.py:97} INFO - Command exited with return code 0
[2025-09-06T16:37:30.779+0000] {taskinstance.py:441} INFO - ::group::Post task execution logs
[2025-09-06T16:37:30.809+0000] {taskinstance.py:1206} INFO - Marking task as SUCCESS. dag_id=dbt_transformations, task_id=dbt_deps, run_id=manual__2025-09-06T16:37:18.863576+00:00, execution_date=20250906T163718, start_date=20250906T163724, end_date=20250906T163730
[2025-09-06T16:37:30.842+0000] {local_task_job_runner.py:243} INFO - Task exited with return code 0
[2025-09-06T16:37:30.868+0000] {taskinstance.py:3503} INFO - 1 downstream tasks scheduled from follow-on schedule check
[2025-09-06T16:37:30.869+0000] {local_task_job_runner.py:222} INFO - ::endgroup::
