[2025-09-06T08:13:22.422+0000] {local_task_job_runner.py:120} INFO - ::group::Pre task execution logs
[2025-09-06T08:13:22.440+0000] {taskinstance.py:2076} INFO - Dependencies all met for dep_context=non-requeueable deps ti=<TaskInstance: load_customers_to_postgres.truncate_table manual__2025-09-06T08:13:19.699799+00:00 [queued]>
[2025-09-06T08:13:22.443+0000] {taskinstance.py:2076} INFO - Dependencies all met for dep_context=requeueable deps ti=<TaskInstance: load_customers_to_postgres.truncate_table manual__2025-09-06T08:13:19.699799+00:00 [queued]>
[2025-09-06T08:13:22.444+0000] {taskinstance.py:2306} INFO - Starting attempt 1 of 2
[2025-09-06T08:13:22.449+0000] {taskinstance.py:2330} INFO - Executing <Task(_PythonDecoratedOperator): truncate_table> on 2025-09-06 08:13:19.699799+00:00
[2025-09-06T08:13:22.453+0000] {standard_task_runner.py:90} INFO - Running: ['***', 'tasks', 'run', 'load_customers_to_postgres', 'truncate_table', 'manual__2025-09-06T08:13:19.699799+00:00', '--job-id', '13', '--raw', '--subdir', 'DAGS_FOLDER/load_customers_to_postgres.py', '--cfg-path', '/tmp/tmpd5pewbnv']
[2025-09-06T08:13:22.454+0000] {standard_task_runner.py:91} INFO - Job 13: Subtask truncate_table
[2025-09-06T08:13:22.455+0000] {logging_mixin.py:188} WARNING - /home/***/.local/lib/python3.12/site-packages/***/task/task_runner/standard_task_runner.py:62 DeprecationWarning: This process (pid=1401) is multi-threaded, use of fork() may lead to deadlocks in the child.
[2025-09-06T08:13:22.455+0000] {standard_task_runner.py:64} INFO - Started process 1402 to run task
[2025-09-06T08:13:22.476+0000] {task_command.py:426} INFO - Running <TaskInstance: load_customers_to_postgres.truncate_table manual__2025-09-06T08:13:19.699799+00:00 [running]> on host d3743a3a0ea9
[2025-09-06T08:13:22.513+0000] {taskinstance.py:2648} INFO - Exporting env vars: AIRFLOW_CTX_DAG_OWNER='etl' AIRFLOW_CTX_DAG_ID='load_customers_to_postgres' AIRFLOW_CTX_TASK_ID='truncate_table' AIRFLOW_CTX_EXECUTION_DATE='2025-09-06T08:13:19.699799+00:00' AIRFLOW_CTX_TRY_NUMBER='1' AIRFLOW_CTX_DAG_RUN_ID='manual__2025-09-06T08:13:19.699799+00:00'
[2025-09-06T08:13:22.514+0000] {taskinstance.py:430} INFO - ::endgroup::
[2025-09-06T08:13:22.515+0000] {crypto.py:82} WARNING - empty cryptography key - values will not be stored encrypted.
[2025-09-06T08:13:22.516+0000] {base.py:84} INFO - Using connection ID 'postgres_default' for task execution.
[2025-09-06T08:13:22.518+0000] {sql.py:495} INFO - Running statement: TRUNCATE TABLE bronze.customers_raw;, parameters: None
[2025-09-06T08:13:22.522+0000] {python.py:237} INFO - Done. Returned value was: None
[2025-09-06T08:13:22.523+0000] {taskinstance.py:441} INFO - ::group::Post task execution logs
[2025-09-06T08:13:22.527+0000] {taskinstance.py:1206} INFO - Marking task as SUCCESS. dag_id=load_customers_to_postgres, task_id=truncate_table, run_id=manual__2025-09-06T08:13:19.699799+00:00, execution_date=20250906T081319, start_date=20250906T081322, end_date=20250906T081322
[2025-09-06T08:13:22.558+0000] {local_task_job_runner.py:243} INFO - Task exited with return code 0
[2025-09-06T08:13:22.570+0000] {taskinstance.py:3503} INFO - 1 downstream tasks scheduled from follow-on schedule check
[2025-09-06T08:13:22.571+0000] {local_task_job_runner.py:222} INFO - ::endgroup::
