[2025-09-06T16:24:23.389+0000] {local_task_job_runner.py:120} INFO - ::group::Pre task execution logs
[2025-09-06T16:24:23.426+0000] {taskinstance.py:2076} INFO - Dependencies all met for dep_context=non-requeueable deps ti=<TaskInstance: dbt_transformations.dbt_deps manual__2025-09-06T16:24:22.800632+00:00 [queued]>
[2025-09-06T16:24:23.432+0000] {taskinstance.py:2076} INFO - Dependencies all met for dep_context=requeueable deps ti=<TaskInstance: dbt_transformations.dbt_deps manual__2025-09-06T16:24:22.800632+00:00 [queued]>
[2025-09-06T16:24:23.432+0000] {taskinstance.py:2306} INFO - Starting attempt 1 of 1
[2025-09-06T16:24:23.444+0000] {taskinstance.py:2330} INFO - Executing <Task(BashOperator): dbt_deps> on 2025-09-06 16:24:22.800632+00:00
[2025-09-06T16:24:23.456+0000] {logging_mixin.py:188} WARNING - /home/***/.local/lib/python3.12/site-packages/***/task/task_runner/standard_task_runner.py:62 DeprecationWarning: This process (pid=3718) is multi-threaded, use of fork() may lead to deadlocks in the child.
[2025-09-06T16:24:23.453+0000] {standard_task_runner.py:90} INFO - Running: ['***', 'tasks', 'run', 'dbt_transformations', 'dbt_deps', 'manual__2025-09-06T16:24:22.800632+00:00', '--job-id', '52', '--raw', '--subdir', 'DAGS_FOLDER/dbt_transformations.py', '--cfg-path', '/tmp/tmpgse0tc66']
[2025-09-06T16:24:23.457+0000] {standard_task_runner.py:64} INFO - Started process 3719 to run task
[2025-09-06T16:24:23.458+0000] {standard_task_runner.py:91} INFO - Job 52: Subtask dbt_deps
[2025-09-06T16:24:23.499+0000] {task_command.py:426} INFO - Running <TaskInstance: dbt_transformations.dbt_deps manual__2025-09-06T16:24:22.800632+00:00 [running]> on host dd8e0e853e24
[2025-09-06T16:24:23.568+0000] {taskinstance.py:2648} INFO - Exporting env vars: AIRFLOW_CTX_DAG_OWNER='***' AIRFLOW_CTX_DAG_ID='dbt_transformations' AIRFLOW_CTX_TASK_ID='dbt_deps' AIRFLOW_CTX_EXECUTION_DATE='2025-09-06T16:24:22.800632+00:00' AIRFLOW_CTX_TRY_NUMBER='1' AIRFLOW_CTX_DAG_RUN_ID='manual__2025-09-06T16:24:22.800632+00:00'
[2025-09-06T16:24:23.569+0000] {taskinstance.py:430} INFO - ::endgroup::
[2025-09-06T16:24:23.582+0000] {subprocess.py:63} INFO - Tmp dir root location: /tmp
[2025-09-06T16:24:23.583+0000] {subprocess.py:75} INFO - Running command: ['/usr/bin/bash', '-c', 'export PATH="$PATH:/home/***/.local/bin" && cd /opt/***/dbt && DBT_PROFILES_DIR="/opt/***/dbt" dbt deps']
[2025-09-06T16:24:23.590+0000] {subprocess.py:86} INFO - Output:
[2025-09-06T16:24:25.510+0000] {subprocess.py:93} INFO - [0m16:24:25  Running with dbt=1.10.11
[2025-09-06T16:24:27.518+0000] {subprocess.py:93} INFO - [0m16:24:27  Installing dbt-labs/dbt_utils
[2025-09-06T16:24:28.512+0000] {subprocess.py:93} INFO - [0m16:24:28  Installed from version 1.3.0
[2025-09-06T16:24:28.514+0000] {subprocess.py:93} INFO - [0m16:24:28  Up to date!
[2025-09-06T16:24:30.276+0000] {subprocess.py:97} INFO - Command exited with return code 0
[2025-09-06T16:24:30.279+0000] {taskinstance.py:441} INFO - ::group::Post task execution logs
[2025-09-06T16:24:30.309+0000] {taskinstance.py:1206} INFO - Marking task as SUCCESS. dag_id=dbt_transformations, task_id=dbt_deps, run_id=manual__2025-09-06T16:24:22.800632+00:00, execution_date=20250906T162422, start_date=20250906T162423, end_date=20250906T162430
[2025-09-06T16:24:30.346+0000] {local_task_job_runner.py:243} INFO - Task exited with return code 0
[2025-09-06T16:24:30.379+0000] {taskinstance.py:3503} INFO - 1 downstream tasks scheduled from follow-on schedule check
[2025-09-06T16:24:30.380+0000] {local_task_job_runner.py:222} INFO - ::endgroup::
