[2025-09-06T16:37:31.343+0000] {local_task_job_runner.py:120} INFO - ::group::Pre task execution logs
[2025-09-06T16:37:31.372+0000] {taskinstance.py:2076} INFO - Dependencies all met for dep_context=non-requeueable deps ti=<TaskInstance: dbt_transformations.dbt_run manual__2025-09-06T16:37:18.863576+00:00 [queued]>
[2025-09-06T16:37:31.378+0000] {taskinstance.py:2076} INFO - Dependencies all met for dep_context=requeueable deps ti=<TaskInstance: dbt_transformations.dbt_run manual__2025-09-06T16:37:18.863576+00:00 [queued]>
[2025-09-06T16:37:31.378+0000] {taskinstance.py:2306} INFO - Starting attempt 1 of 1
[2025-09-06T16:37:31.387+0000] {taskinstance.py:2330} INFO - Executing <Task(BashOperator): dbt_run> on 2025-09-06 16:37:18.863576+00:00
[2025-09-06T16:37:31.393+0000] {logging_mixin.py:188} WARNING - /home/***/.local/lib/python3.12/site-packages/***/task/task_runner/standard_task_runner.py:62 DeprecationWarning: This process (pid=4225) is multi-threaded, use of fork() may lead to deadlocks in the child.
[2025-09-06T16:37:31.394+0000] {standard_task_runner.py:64} INFO - Started process 4226 to run task
[2025-09-06T16:37:31.393+0000] {standard_task_runner.py:90} INFO - Running: ['***', 'tasks', 'run', 'dbt_transformations', 'dbt_run', 'manual__2025-09-06T16:37:18.863576+00:00', '--job-id', '85', '--raw', '--subdir', 'DAGS_FOLDER/dbt_transformations.py', '--cfg-path', '/tmp/tmphk6ls7po']
[2025-09-06T16:37:31.396+0000] {standard_task_runner.py:91} INFO - Job 85: Subtask dbt_run
[2025-09-06T16:37:31.429+0000] {task_command.py:426} INFO - Running <TaskInstance: dbt_transformations.dbt_run manual__2025-09-06T16:37:18.863576+00:00 [running]> on host dd8e0e853e24
[2025-09-06T16:37:31.482+0000] {taskinstance.py:2648} INFO - Exporting env vars: AIRFLOW_CTX_DAG_OWNER='***' AIRFLOW_CTX_DAG_ID='dbt_transformations' AIRFLOW_CTX_TASK_ID='dbt_run' AIRFLOW_CTX_EXECUTION_DATE='2025-09-06T16:37:18.863576+00:00' AIRFLOW_CTX_TRY_NUMBER='1' AIRFLOW_CTX_DAG_RUN_ID='manual__2025-09-06T16:37:18.863576+00:00'
[2025-09-06T16:37:31.482+0000] {taskinstance.py:430} INFO - ::endgroup::
[2025-09-06T16:37:31.493+0000] {subprocess.py:63} INFO - Tmp dir root location: /tmp
[2025-09-06T16:37:31.493+0000] {subprocess.py:75} INFO - Running command: ['/usr/bin/bash', '-c', 'export PATH="$PATH:/home/***/.local/bin" && cd /opt/***/dbt && DBT_PROFILES_DIR="/opt/***/dbt" dbt run --project-dir . --profiles-dir "/opt/***/dbt"']
[2025-09-06T16:37:31.499+0000] {subprocess.py:86} INFO - Output:
[2025-09-06T16:37:33.158+0000] {subprocess.py:93} INFO - [0m16:37:33  Running with dbt=1.10.11
[2025-09-06T16:37:33.340+0000] {subprocess.py:93} INFO - [0m16:37:33  Registered adapter: postgres=1.8.2
[2025-09-06T16:37:33.659+0000] {subprocess.py:93} INFO - [0m16:37:33  Found 3 models, 7 data tests, 1 source, 550 macros
[2025-09-06T16:37:33.661+0000] {subprocess.py:93} INFO - [0m16:37:33
[2025-09-06T16:37:33.661+0000] {subprocess.py:93} INFO - [0m16:37:33  Concurrency: 4 threads (target='dev')
[2025-09-06T16:37:33.662+0000] {subprocess.py:93} INFO - [0m16:37:33
[2025-09-06T16:37:33.855+0000] {subprocess.py:93} INFO - [0m16:37:33  1 of 3 START sql table model gold.customer_360 ................................. [RUN]
[2025-09-06T16:37:33.856+0000] {subprocess.py:93} INFO - [0m16:37:33  2 of 3 START sql table model silver.customers_clean ............................ [RUN]
[2025-09-06T16:37:33.856+0000] {subprocess.py:93} INFO - [0m16:37:33  3 of 3 START sql table model bronze.customers_raw .............................. [RUN]
[2025-09-06T16:37:33.990+0000] {subprocess.py:93} INFO - [0m16:37:33  1 of 3 OK created sql table model gold.customer_360 ............................ [[32mSELECT 1000[0m in 0.13s]
[2025-09-06T16:37:33.997+0000] {subprocess.py:93} INFO - [0m16:37:33  2 of 3 OK created sql table model silver.customers_clean ....................... [[32mSELECT 1000[0m in 0.14s]
[2025-09-06T16:37:34.005+0000] {subprocess.py:93} INFO - [0m16:37:34  3 of 3 OK created sql table model bronze.customers_raw ......................... [[32mSELECT 1000[0m in 0.15s]
[2025-09-06T16:37:34.015+0000] {subprocess.py:93} INFO - [0m16:37:34
[2025-09-06T16:37:34.015+0000] {subprocess.py:93} INFO - [0m16:37:34  Finished running 3 table models in 0 hours 0 minutes and 0.35 seconds (0.35s).
[2025-09-06T16:37:34.059+0000] {subprocess.py:93} INFO - [0m16:37:34
[2025-09-06T16:37:34.060+0000] {subprocess.py:93} INFO - [0m16:37:34  [32mCompleted successfully[0m
[2025-09-06T16:37:34.061+0000] {subprocess.py:93} INFO - [0m16:37:34
[2025-09-06T16:37:34.061+0000] {subprocess.py:93} INFO - [0m16:37:34  Done. PASS=3 WARN=0 ERROR=0 SKIP=0 NO-OP=0 TOTAL=3
[2025-09-06T16:37:40.518+0000] {subprocess.py:97} INFO - Command exited with return code 0
[2025-09-06T16:37:40.525+0000] {taskinstance.py:441} INFO - ::group::Post task execution logs
[2025-09-06T16:37:40.580+0000] {taskinstance.py:1206} INFO - Marking task as SUCCESS. dag_id=dbt_transformations, task_id=dbt_run, run_id=manual__2025-09-06T16:37:18.863576+00:00, execution_date=20250906T163718, start_date=20250906T163731, end_date=20250906T163740
[2025-09-06T16:37:40.642+0000] {local_task_job_runner.py:243} INFO - Task exited with return code 0
[2025-09-06T16:37:40.704+0000] {taskinstance.py:3503} INFO - 1 downstream tasks scheduled from follow-on schedule check
[2025-09-06T16:37:40.708+0000] {local_task_job_runner.py:222} INFO - ::endgroup::
