[2025-09-06T08:18:23.602+0000] {local_task_job_runner.py:120} INFO - ::group::Pre task execution logs
[2025-09-06T08:18:23.637+0000] {taskinstance.py:2076} INFO - Dependencies all met for dep_context=non-requeueable deps ti=<TaskInstance: load_customers_to_postgres.load_csv_to_postgres manual__2025-09-06T08:13:19.699799+00:00 [queued]>
[2025-09-06T08:18:23.642+0000] {taskinstance.py:2076} INFO - Dependencies all met for dep_context=requeueable deps ti=<TaskInstance: load_customers_to_postgres.load_csv_to_postgres manual__2025-09-06T08:13:19.699799+00:00 [queued]>
[2025-09-06T08:18:23.642+0000] {taskinstance.py:2306} INFO - Starting attempt 2 of 2
[2025-09-06T08:18:23.649+0000] {taskinstance.py:2330} INFO - Executing <Task(_PythonDecoratedOperator): load_csv_to_postgres> on 2025-09-06 08:13:19.699799+00:00
[2025-09-06T08:18:23.656+0000] {logging_mixin.py:188} WARNING - /home/***/.local/lib/python3.12/site-packages/***/task/task_runner/standard_task_runner.py:62 DeprecationWarning: This process (pid=1632) is multi-threaded, use of fork() may lead to deadlocks in the child.
[2025-09-06T08:18:23.655+0000] {standard_task_runner.py:90} INFO - Running: ['***', 'tasks', 'run', 'load_customers_to_postgres', 'load_csv_to_postgres', 'manual__2025-09-06T08:13:19.699799+00:00', '--job-id', '21', '--raw', '--subdir', 'DAGS_FOLDER/load_customers_to_postgres.py', '--cfg-path', '/tmp/tmp7p1pxpgf']
[2025-09-06T08:18:23.657+0000] {standard_task_runner.py:64} INFO - Started process 1633 to run task
[2025-09-06T08:18:23.657+0000] {standard_task_runner.py:91} INFO - Job 21: Subtask load_csv_to_postgres
[2025-09-06T08:18:23.695+0000] {task_command.py:426} INFO - Running <TaskInstance: load_customers_to_postgres.load_csv_to_postgres manual__2025-09-06T08:13:19.699799+00:00 [running]> on host d3743a3a0ea9
[2025-09-06T08:18:23.740+0000] {taskinstance.py:2648} INFO - Exporting env vars: AIRFLOW_CTX_DAG_OWNER='etl' AIRFLOW_CTX_DAG_ID='load_customers_to_postgres' AIRFLOW_CTX_TASK_ID='load_csv_to_postgres' AIRFLOW_CTX_EXECUTION_DATE='2025-09-06T08:13:19.699799+00:00' AIRFLOW_CTX_TRY_NUMBER='2' AIRFLOW_CTX_DAG_RUN_ID='manual__2025-09-06T08:13:19.699799+00:00'
[2025-09-06T08:18:23.741+0000] {taskinstance.py:430} INFO - ::endgroup::
[2025-09-06T08:18:23.741+0000] {postgres.py:189} INFO - Running copy expert: 
            COPY bronze.customers_raw(
                customerid, age, gender, tenure, monthlycharges,
                contracttype, internetservice, totalcharges, techsupport, churn
            )
            FROM STDIN WITH (FORMAT csv, HEADER true, DELIMITER ',', QUOTE '"');
        , filename: /opt/***/data/customer_churn_data.csv
[2025-09-06T08:18:23.744+0000] {crypto.py:82} WARNING - empty cryptography key - values will not be stored encrypted.
[2025-09-06T08:18:23.745+0000] {base.py:84} INFO - Using connection ID 'postgres_default' for task execution.
[2025-09-06T08:18:23.752+0000] {python.py:237} INFO - Done. Returned value was: None
[2025-09-06T08:18:23.753+0000] {taskinstance.py:441} INFO - ::group::Post task execution logs
[2025-09-06T08:18:23.758+0000] {taskinstance.py:1206} INFO - Marking task as SUCCESS. dag_id=load_customers_to_postgres, task_id=load_csv_to_postgres, run_id=manual__2025-09-06T08:13:19.699799+00:00, execution_date=20250906T081319, start_date=20250906T081823, end_date=20250906T081823
[2025-09-06T08:18:23.801+0000] {local_task_job_runner.py:243} INFO - Task exited with return code 0
[2025-09-06T08:18:23.808+0000] {local_task_job_runner.py:222} INFO - ::endgroup::
