[2025-09-06T09:34:11.424+0000] {local_task_job_runner.py:120} INFO - ::group::Pre task execution logs
[2025-09-06T09:34:11.464+0000] {taskinstance.py:2076} INFO - Dependencies all met for dep_context=non-requeueable deps ti=<TaskInstance: dbt_transformations.dbt_deps manual__2025-09-06T09:34:10.312135+00:00 [queued]>
[2025-09-06T09:34:11.471+0000] {taskinstance.py:2076} INFO - Dependencies all met for dep_context=requeueable deps ti=<TaskInstance: dbt_transformations.dbt_deps manual__2025-09-06T09:34:10.312135+00:00 [queued]>
[2025-09-06T09:34:11.471+0000] {taskinstance.py:2306} INFO - Starting attempt 1 of 1
[2025-09-06T09:34:11.481+0000] {taskinstance.py:2330} INFO - Executing <Task(BashOperator): dbt_deps> on 2025-09-06 09:34:10.312135+00:00
[2025-09-06T09:34:11.487+0000] {standard_task_runner.py:90} INFO - Running: ['***', 'tasks', 'run', 'dbt_transformations', 'dbt_deps', 'manual__2025-09-06T09:34:10.312135+00:00', '--job-id', '15', '--raw', '--subdir', 'DAGS_FOLDER/dbt_transformations.py', '--cfg-path', '/tmp/tmp4dy6k8zw']
[2025-09-06T09:34:11.491+0000] {standard_task_runner.py:91} INFO - Job 15: Subtask dbt_deps
[2025-09-06T09:34:11.491+0000] {logging_mixin.py:188} WARNING - /home/***/.local/lib/python3.12/site-packages/***/task/task_runner/standard_task_runner.py:62 DeprecationWarning: This process (pid=427) is multi-threaded, use of fork() may lead to deadlocks in the child.
[2025-09-06T09:34:11.494+0000] {standard_task_runner.py:64} INFO - Started process 428 to run task
[2025-09-06T09:34:11.544+0000] {task_command.py:426} INFO - Running <TaskInstance: dbt_transformations.dbt_deps manual__2025-09-06T09:34:10.312135+00:00 [running]> on host b76737f3cbe6
[2025-09-06T09:34:11.608+0000] {taskinstance.py:2648} INFO - Exporting env vars: AIRFLOW_CTX_DAG_OWNER='***' AIRFLOW_CTX_DAG_ID='dbt_transformations' AIRFLOW_CTX_TASK_ID='dbt_deps' AIRFLOW_CTX_EXECUTION_DATE='2025-09-06T09:34:10.312135+00:00' AIRFLOW_CTX_TRY_NUMBER='1' AIRFLOW_CTX_DAG_RUN_ID='manual__2025-09-06T09:34:10.312135+00:00'
[2025-09-06T09:34:11.608+0000] {taskinstance.py:430} INFO - ::endgroup::
[2025-09-06T09:34:11.629+0000] {subprocess.py:63} INFO - Tmp dir root location: /tmp
[2025-09-06T09:34:11.631+0000] {subprocess.py:75} INFO - Running command: ['/usr/bin/bash', '-c', 'export PATH="$PATH:/home/***/.local/bin" && cd /opt/***/dbt && DBT_PROFILES_DIR="/opt/***/dbt/profiles" dbt deps']
[2025-09-06T09:34:11.639+0000] {subprocess.py:86} INFO - Output:
[2025-09-06T09:34:13.827+0000] {subprocess.py:93} INFO - [0m09:34:13  Running with dbt=1.10.11
[2025-09-06T09:34:13.977+0000] {subprocess.py:93} INFO - [0m09:34:13  Warning: No packages were found in packages.yml
[2025-09-06T09:34:13.981+0000] {subprocess.py:93} INFO - [0m09:34:13  Warning: No packages were found in packages.yml
[2025-09-06T09:34:15.792+0000] {subprocess.py:97} INFO - Command exited with return code 0
[2025-09-06T09:34:15.794+0000] {taskinstance.py:441} INFO - ::group::Post task execution logs
[2025-09-06T09:34:15.810+0000] {taskinstance.py:1206} INFO - Marking task as SUCCESS. dag_id=dbt_transformations, task_id=dbt_deps, run_id=manual__2025-09-06T09:34:10.312135+00:00, execution_date=20250906T093410, start_date=20250906T093411, end_date=20250906T093415
[2025-09-06T09:34:15.846+0000] {local_task_job_runner.py:243} INFO - Task exited with return code 0
[2025-09-06T09:34:15.861+0000] {taskinstance.py:3503} INFO - 1 downstream tasks scheduled from follow-on schedule check
[2025-09-06T09:34:15.862+0000] {local_task_job_runner.py:222} INFO - ::endgroup::
