[2025-09-06T15:03:46.739+0000] {local_task_job_runner.py:120} INFO - ::group::Pre task execution logs
[2025-09-06T15:03:46.757+0000] {taskinstance.py:2076} INFO - Dependencies all met for dep_context=non-requeueable deps ti=<TaskInstance: load_customers_to_postgres.create_bronze_schema_and_table manual__2025-09-06T15:03:43.987132+00:00 [queued]>
[2025-09-06T15:03:46.762+0000] {taskinstance.py:2076} INFO - Dependencies all met for dep_context=requeueable deps ti=<TaskInstance: load_customers_to_postgres.create_bronze_schema_and_table manual__2025-09-06T15:03:43.987132+00:00 [queued]>
[2025-09-06T15:03:46.762+0000] {taskinstance.py:2306} INFO - Starting attempt 1 of 2
[2025-09-06T15:03:46.767+0000] {taskinstance.py:2330} INFO - Executing <Task(_PythonDecoratedOperator): create_bronze_schema_and_table> on 2025-09-06 15:03:43.987132+00:00
[2025-09-06T15:03:46.772+0000] {logging_mixin.py:188} WARNING - /home/***/.local/lib/python3.12/site-packages/***/task/task_runner/standard_task_runner.py:62 DeprecationWarning: This process (pid=3281) is multi-threaded, use of fork() may lead to deadlocks in the child.
[2025-09-06T15:03:46.772+0000] {standard_task_runner.py:64} INFO - Started process 3282 to run task
[2025-09-06T15:03:46.771+0000] {standard_task_runner.py:90} INFO - Running: ['***', 'tasks', 'run', 'load_customers_to_postgres', 'create_bronze_schema_and_table', 'manual__2025-09-06T15:03:43.987132+00:00', '--job-id', '39', '--raw', '--subdir', 'DAGS_FOLDER/load_customers_to_postgres.py', '--cfg-path', '/tmp/tmpsqjaiow8']
[2025-09-06T15:03:46.773+0000] {standard_task_runner.py:91} INFO - Job 39: Subtask create_bronze_schema_and_table
[2025-09-06T15:03:46.794+0000] {task_command.py:426} INFO - Running <TaskInstance: load_customers_to_postgres.create_bronze_schema_and_table manual__2025-09-06T15:03:43.987132+00:00 [running]> on host dd8e0e853e24
[2025-09-06T15:03:46.835+0000] {taskinstance.py:2648} INFO - Exporting env vars: AIRFLOW_CTX_DAG_OWNER='etl' AIRFLOW_CTX_DAG_ID='load_customers_to_postgres' AIRFLOW_CTX_TASK_ID='create_bronze_schema_and_table' AIRFLOW_CTX_EXECUTION_DATE='2025-09-06T15:03:43.987132+00:00' AIRFLOW_CTX_TRY_NUMBER='1' AIRFLOW_CTX_DAG_RUN_ID='manual__2025-09-06T15:03:43.987132+00:00'
[2025-09-06T15:03:46.835+0000] {taskinstance.py:430} INFO - ::endgroup::
[2025-09-06T15:03:46.836+0000] {crypto.py:82} WARNING - empty cryptography key - values will not be stored encrypted.
[2025-09-06T15:03:46.836+0000] {base.py:84} INFO - Using connection ID 'postgres_default' for task execution.
[2025-09-06T15:03:46.846+0000] {python.py:237} INFO - Done. Returned value was: None
[2025-09-06T15:03:46.847+0000] {taskinstance.py:441} INFO - ::group::Post task execution logs
[2025-09-06T15:03:46.851+0000] {taskinstance.py:1206} INFO - Marking task as SUCCESS. dag_id=load_customers_to_postgres, task_id=create_bronze_schema_and_table, run_id=manual__2025-09-06T15:03:43.987132+00:00, execution_date=20250906T150343, start_date=20250906T150346, end_date=20250906T150346
[2025-09-06T15:03:46.872+0000] {local_task_job_runner.py:243} INFO - Task exited with return code 0
[2025-09-06T15:03:46.885+0000] {taskinstance.py:3503} INFO - 1 downstream tasks scheduled from follow-on schedule check
[2025-09-06T15:03:46.885+0000] {local_task_job_runner.py:222} INFO - ::endgroup::
